--> Wrapper Started as Console
Launching a JVM...
Wrapper (Version 3.2.3) http://wrapper.tanukisoftware.org
  Copyright 1999-2006 Tanuki Software, Inc.  All Rights Reserved.

2015.11.29 10:11:32 INFO  app[o.s.p.m.JavaProcessLauncher] Launch process[search]: /Library/Java/JavaVirtualMachines/jdk1.8.0_60.jdk/Contents/Home/jre/bin/java -Djava.awt.headless=true -Xmx1G -Xms256m -Xss256k -Djava.net.preferIPv4Stack=true -XX:+UseParNewGC -XX:+UseConcMarkSweepGC -XX:CMSInitiatingOccupancyFraction=75 -XX:+UseCMSInitiatingOccupancyOnly -XX:+HeapDumpOnOutOfMemoryError -Djava.io.tmpdir=/Users/rohinmittal/Downloads/sonarqube-5.2/temp -cp ./lib/common/*:./lib/search/* org.sonar.search.SearchServer /var/folders/6q/r5pp4z_x6bj_bddy3g4xgkkh0000gn/T/sq-process5844845307714342514properties
2015.11.29 10:11:33 INFO   es[o.s.p.ProcessEntryPoint]  Starting search
2015.11.29 10:11:33 INFO   es[o.s.s.SearchSettings]  Elasticsearch listening on 127.0.0.1:9001
2015.11.29 10:11:34 INFO   es[o.elasticsearch.node]  [sonar-1448809892368] version[1.7.2], pid[5453], build[e43676b/2015-09-14T09:49:53Z]
2015.11.29 10:11:34 INFO   es[o.elasticsearch.node]  [sonar-1448809892368] initializing ...
2015.11.29 10:11:34 INFO   es[o.e.plugins]  [sonar-1448809892368] loaded [], sites []
2015.11.29 10:11:34 INFO   es[o.elasticsearch.env]  [sonar-1448809892368] using [1] data paths, mounts [[/ (/dev/disk1)]], net usable_space [195.1gb], net total_space [232.6gb], types [hfs]
2015.11.29 10:11:35 WARN   es[o.e.bootstrap]  JNA not found. native methods will be disabled.
2015.11.29 10:11:36 INFO   es[o.elasticsearch.node]  [sonar-1448809892368] initialized
2015.11.29 10:11:36 INFO   es[o.elasticsearch.node]  [sonar-1448809892368] starting ...
2015.11.29 10:11:36 INFO   es[o.e.transport]  [sonar-1448809892368] bound_address {inet[/127.0.0.1:9001]}, publish_address {inet[/127.0.0.1:9001]}
2015.11.29 10:11:36 INFO   es[o.e.discovery]  [sonar-1448809892368] sonarqube/R9JPR9G-R866CrgWuRBDgQ
2015.11.29 10:11:39 INFO   es[o.e.cluster.service]  [sonar-1448809892368] new_master [sonar-1448809892368][R9JPR9G-R866CrgWuRBDgQ][rohins-macbook-pro.local][inet[/127.0.0.1:9001]]{rack_id=sonar-1448809892368}, reason: zen-disco-join (elected_as_master)
2015.11.29 10:11:39 INFO   es[o.elasticsearch.node]  [sonar-1448809892368] started
2015.11.29 10:11:39 INFO   es[o.e.gateway]  [sonar-1448809892368] recovered [0] indices into cluster_state
Java HotSpot(TM) 64-Bit Server VM warning: ignoring option MaxPermSize=160m; support was removed in 8.0
2015.11.29 10:11:39 INFO  app[o.s.p.m.Monitor] Process[search] is up
2015.11.29 10:11:39 INFO  app[o.s.p.m.JavaProcessLauncher] Launch process[web]: /Library/Java/JavaVirtualMachines/jdk1.8.0_60.jdk/Contents/Home/jre/bin/java -Djava.awt.headless=true -Dfile.encoding=UTF-8 -Djruby.management.enabled=false -Djruby.compile.invokedynamic=false -Xmx768m -Xms256m -XX:MaxPermSize=160m -XX:+HeapDumpOnOutOfMemoryError -Djava.net.preferIPv4Stack=true -Djava.io.tmpdir=/Users/rohinmittal/Downloads/sonarqube-5.2/temp -cp ./lib/common/*:./lib/server/*:/Users/rohinmittal/Downloads/sonarqube-5.2/lib/jdbc/h2/h2-1.3.176.jar org.sonar.server.app.WebServer /var/folders/6q/r5pp4z_x6bj_bddy3g4xgkkh0000gn/T/sq-process697833071686932788properties
2015.11.29 10:11:40 INFO  web[o.s.p.ProcessEntryPoint] Starting web
2015.11.29 10:11:40 INFO  web[o.s.s.app.Webapp] Webapp directory: /Users/rohinmittal/Downloads/sonarqube-5.2/web
2015.11.29 10:11:40 INFO  web[o.a.c.h.Http11NioProtocol] Initializing ProtocolHandler ["http-nio-0.0.0.0-9000"]
2015.11.29 10:11:40 INFO  web[o.a.t.u.n.NioSelectorPool] Using a shared selector for servlet write/read
2015.11.29 10:11:41 INFO  web[o.e.plugins] [sonar-1448809892368] loaded [], sites []
2015.11.29 10:11:42 INFO  web[o.s.s.p.ServerImpl] SonarQube Server / 5.2 / f045be98be3ba032b6b19d71574038eeeb91803b
2015.11.29 10:11:43 INFO  web[o.s.s.d.EmbeddedDatabase] Starting embedded database on port 9092 with url jdbc:h2:tcp://localhost:9092/sonar
2015.11.29 10:11:43 INFO  web[o.s.s.d.EmbeddedDatabase] Embedded database started. Data stored in: /Users/rohinmittal/Downloads/sonarqube-5.2/data
2015.11.29 10:11:43 INFO  web[o.sonar.db.Database] Create JDBC data source for jdbc:h2:tcp://localhost:9092/sonar
2015.11.29 10:11:43 WARN  web[o.s.d.DatabaseChecker] H2 database should be used for evaluation purpose only
2015.11.29 10:11:44 INFO  web[o.s.s.p.DefaultServerFileSystem] SonarQube home: /Users/rohinmittal/Downloads/sonarqube-5.2
2015.11.29 10:11:44 INFO   es[o.e.cluster.metadata]  [sonar-1448809892368] [rules] creating index, cause [api], templates [], shards [1]/[0], mappings []
2015.11.29 10:11:45 INFO   es[o.e.cluster.metadata]  [sonar-1448809892368] [rules] create_mapping [rule]
2015.11.29 10:11:45 INFO   es[o.e.cluster.metadata]  [sonar-1448809892368] [rules] create_mapping [activeRule]
2015.11.29 10:11:45 INFO  web[o.s.s.p.ServerPluginRepository] Plugin Java [java] installed
2015.11.29 10:11:45 INFO  web[o.s.s.p.ServerPluginRepository] Plugin Git [scmgit] installed
2015.11.29 10:11:45 INFO  web[o.s.s.p.ServerPluginRepository] Plugin SVN [scmsvn] installed
2015.11.29 10:11:45 INFO  web[o.s.s.p.ServerPluginRepository] Deploy plugin Git / 1.0 / 9ce9d330c313c296fab051317cc5ad4b26319e07
2015.11.29 10:11:45 INFO  web[o.s.s.p.ServerPluginRepository] Deploy plugin Java / 3.6 / 88ff47a7574edcc4472ff495c15b6f94d8dbd98f
2015.11.29 10:11:45 INFO  web[o.s.s.p.ServerPluginRepository] Deploy plugin SVN / 1.2 / d04c3cdb21f48905dd8300d1129ec90281aa6db2
2015.11.29 10:11:45 INFO  web[o.s.s.d.m.DatabaseMigrator] Create database
2015.11.29 10:11:45 INFO  web[o.s.s.p.RailsAppsDeployer] Deploying Ruby on Rails applications
2015.11.29 10:11:46 INFO  web[o.s.s.p.UpdateCenterClient] Update center: http://update.sonarsource.org/update-center.properties (no proxy)
2015.11.29 10:11:46 INFO  web[o.s.s.e.IndexCreator] Create index tests
2015.11.29 10:11:46 INFO   es[o.e.cluster.metadata]  [sonar-1448809892368] [tests] creating index, cause [api], templates [], shards [5]/[0], mappings []
2015.11.29 10:11:47 INFO  web[o.s.s.e.IndexCreator] Create type tests/test
2015.11.29 10:11:47 INFO   es[o.e.cluster.metadata]  [sonar-1448809892368] [tests] create_mapping [test]
2015.11.29 10:11:47 INFO  web[o.s.s.e.IndexCreator] Create index activities
2015.11.29 10:11:47 INFO   es[o.e.cluster.metadata]  [sonar-1448809892368] [activities] creating index, cause [api], templates [], shards [5]/[0], mappings []
2015.11.29 10:11:47 INFO  web[o.s.s.e.IndexCreator] Create type activities/activity
2015.11.29 10:11:47 INFO   es[o.e.cluster.metadata]  [sonar-1448809892368] [activities] create_mapping [activity]
2015.11.29 10:11:47 INFO  web[o.s.s.e.IndexCreator] Create index issues
2015.11.29 10:11:47 INFO   es[o.e.cluster.metadata]  [sonar-1448809892368] [issues] creating index, cause [api], templates [], shards [5]/[0], mappings []
2015.11.29 10:11:47 INFO  web[o.s.s.e.IndexCreator] Create type issues/authorization
2015.11.29 10:11:47 INFO   es[o.e.cluster.metadata]  [sonar-1448809892368] [issues] create_mapping [authorization]
2015.11.29 10:11:47 INFO  web[o.s.s.e.IndexCreator] Create type issues/issue
2015.11.29 10:11:47 INFO   es[o.e.cluster.metadata]  [sonar-1448809892368] [issues] create_mapping [issue]
2015.11.29 10:11:47 INFO  web[o.s.s.e.IndexCreator] Create index users
2015.11.29 10:11:47 INFO   es[o.e.cluster.metadata]  [sonar-1448809892368] [users] creating index, cause [api], templates [], shards [5]/[0], mappings []
2015.11.29 10:11:47 INFO  web[o.s.s.e.IndexCreator] Create type users/user
2015.11.29 10:11:47 INFO   es[o.e.cluster.metadata]  [sonar-1448809892368] [users] create_mapping [user]
2015.11.29 10:11:47 INFO  web[o.s.s.e.IndexCreator] Create index views
2015.11.29 10:11:47 INFO   es[o.e.cluster.metadata]  [sonar-1448809892368] [views] creating index, cause [api], templates [], shards [5]/[0], mappings []
2015.11.29 10:11:47 INFO  web[o.s.s.e.IndexCreator] Create type views/view
2015.11.29 10:11:47 INFO   es[o.e.cluster.metadata]  [sonar-1448809892368] [views] create_mapping [view]
2015.11.29 10:11:47 INFO  web[o.s.s.n.NotificationService] Notification service started (delay 60 sec.)
2015.11.29 10:11:48 INFO  web[o.s.s.s.IndexSynchronizer] Index rules
2015.11.29 10:11:48 INFO  web[o.s.s.s.IndexSynchronizer] Index activeRules
2015.11.29 10:11:48 INFO  web[o.s.s.s.RegisterMetrics] Register metrics
2015.11.29 10:11:48 INFO  web[o.s.s.s.RegisterDebtModel] Register technical debt model
2015.11.29 10:11:48 INFO  web[o.s.s.r.RegisterRules] Register rules
2015.11.29 10:11:54 INFO  web[o.s.s.q.RegisterQualityProfiles] Register quality profiles
2015.11.29 10:11:55 INFO  web[o.s.s.q.RegisterQualityProfiles] Register profile {lang=java, name=Sonar way}
2015.11.29 10:11:57 INFO  web[o.s.s.q.RegisterQualityProfiles] Set default java profile: Sonar way
2015.11.29 10:11:57 INFO  web[o.s.s.s.RegisterNewMeasureFilters] Register measure filters
2015.11.29 10:11:57 INFO  web[o.s.s.s.RegisterNewMeasureFilters] Register measure filter: Projects
2015.11.29 10:11:57 INFO  web[o.s.s.s.RegisterNewMeasureFilters] Register measure filter: My favourites
2015.11.29 10:11:57 INFO  web[o.s.s.s.RegisterDashboards] Register dashboards
2015.11.29 10:11:57 INFO  web[o.s.s.s.RegisterDashboards] Register dashboard: Dashboard
2015.11.29 10:11:57 INFO  web[o.s.s.s.RegisterDashboards] Register dashboard: Home
2015.11.29 10:11:57 INFO  web[o.s.s.s.RegisterDashboards] Register dashboard: Issues
2015.11.29 10:11:57 INFO  web[o.s.s.s.RegisterDashboards] Register dashboard: TimeMachine
2015.11.29 10:11:57 INFO  web[o.s.s.s.RegisterPermissionTemplates] Register permission templates
2015.11.29 10:11:57 INFO  web[o.s.s.s.RenameDeprecatedPropertyKeys] Rename deprecated property keys
2015.11.29 10:11:57 INFO  web[o.s.s.s.RenameIssueWidgets] Replacing issue related widgets with issue filter widgets
2015.11.29 10:11:57 INFO  web[o.s.s.s.IndexSynchronizer] Index activities
2015.11.29 10:11:57 INFO   es[o.e.cluster.metadata]  [sonar-1448809892368] [activities] update_mapping [activity] (dynamic)
2015.11.29 10:11:57 INFO  web[o.s.s.s.IndexSynchronizer] Index issues
2015.11.29 10:11:57 INFO  web[o.s.s.s.IndexSynchronizer] Index tests
2015.11.29 10:11:57 INFO  web[o.s.s.s.IndexSynchronizer] Index users
2015.11.29 10:11:57 INFO  web[o.s.s.s.IndexSynchronizer] Index views
2015.11.29 10:11:58 INFO  web[o.s.s.c.q.PurgeCeActivities] Delete the Compute Engine tasks created before Tue Jun 02 10:11:58 EDT 2015
2015.11.29 10:11:58 INFO  web[jruby.rack] jruby 1.7.9 (ruby-1.8.7p370) 2013-12-06 87b108a on Java HotSpot(TM) 64-Bit Server VM 1.8.0_60-b27 [darwin-x86_64]
2015.11.29 10:11:58 INFO  web[jruby.rack] using a shared (threadsafe!) runtime
2015.11.29 10:12:07 INFO  web[jruby.rack] keeping custom (config.logger) Rails logger instance
2015.11.29 10:12:07 INFO  web[o.a.c.h.Http11NioProtocol] Starting ProtocolHandler ["http-nio-0.0.0.0-9000"]
2015.11.29 10:12:07 INFO  web[o.s.s.a.TomcatAccessLog] Web server is started
2015.11.29 10:12:07 INFO  web[o.s.s.a.EmbeddedTomcat] HTTP connector enabled on port 9000
2015.11.29 10:12:08 INFO  app[o.s.p.m.Monitor] Process[web] is up
INT trapped.  Shutting down.
2015.11.29 10:13:13 INFO   es[o.elasticsearch.node]  [sonar-1448809892368] stopping ...
2015.11.29 10:13:13 INFO   es[o.elasticsearch.node]  [sonar-1448809892368] stopped
2015.11.29 10:13:13 INFO   es[o.elasticsearch.node]  [sonar-1448809892368] closing ...
2015.11.29 10:13:13 INFO   es[o.elasticsearch.node]  [sonar-1448809892368] closed
2015.11.29 10:13:13 INFO  app[o.s.p.m.TerminatorThread] Process[web] is stopping
2015.11.29 10:13:14 INFO  web[o.s.s.n.NotificationService] Notification service stopped
2015.11.29 10:13:14 INFO  web[o.s.s.d.EmbeddedDatabase] Embedded database stopped
2015.11.29 10:13:15 INFO  web[o.s.s.a.TomcatAccessLog] Web server is stopped
2015.11.29 10:13:15 INFO  app[o.s.p.m.TerminatorThread] Process[web] is stopped
<-- Wrapper Stopped
--> Wrapper Started as Console
Launching a JVM...
Wrapper (Version 3.2.3) http://wrapper.tanukisoftware.org
  Copyright 1999-2006 Tanuki Software, Inc.  All Rights Reserved.

2015.11.29 10:20:10 INFO  app[o.s.p.m.JavaProcessLauncher] Launch process[search]: /Library/Java/JavaVirtualMachines/jdk1.8.0_60.jdk/Contents/Home/jre/bin/java -Djava.awt.headless=true -Xmx1G -Xms256m -Xss256k -Djava.net.preferIPv4Stack=true -XX:+UseParNewGC -XX:+UseConcMarkSweepGC -XX:CMSInitiatingOccupancyFraction=75 -XX:+UseCMSInitiatingOccupancyOnly -XX:+HeapDumpOnOutOfMemoryError -Djava.io.tmpdir=/Users/rohinmittal/Downloads/Sonar/sonarqube-5.2/temp -cp ./lib/common/*:./lib/search/* org.sonar.search.SearchServer /var/folders/6q/r5pp4z_x6bj_bddy3g4xgkkh0000gn/T/sq-process5192785243866712368properties
2015.11.29 10:20:11 INFO   es[o.s.p.ProcessEntryPoint]  Starting search
2015.11.29 10:20:11 INFO   es[o.s.s.SearchSettings]  Elasticsearch listening on 127.0.0.1:9001
2015.11.29 10:20:11 INFO   es[o.elasticsearch.node]  [sonar-1448810410404] version[1.7.2], pid[5544], build[e43676b/2015-09-14T09:49:53Z]
2015.11.29 10:20:11 INFO   es[o.elasticsearch.node]  [sonar-1448810410404] initializing ...
2015.11.29 10:20:11 INFO   es[o.e.plugins]  [sonar-1448810410404] loaded [], sites []
2015.11.29 10:20:11 INFO   es[o.elasticsearch.env]  [sonar-1448810410404] using [1] data paths, mounts [[/ (/dev/disk1)]], net usable_space [195.1gb], net total_space [232.6gb], types [hfs]
2015.11.29 10:20:13 WARN   es[o.e.bootstrap]  JNA not found. native methods will be disabled.
2015.11.29 10:20:13 INFO   es[o.elasticsearch.node]  [sonar-1448810410404] initialized
2015.11.29 10:20:13 INFO   es[o.elasticsearch.node]  [sonar-1448810410404] starting ...
2015.11.29 10:20:14 INFO   es[o.e.transport]  [sonar-1448810410404] bound_address {inet[/127.0.0.1:9001]}, publish_address {inet[/127.0.0.1:9001]}
2015.11.29 10:20:14 INFO   es[o.e.discovery]  [sonar-1448810410404] sonarqube/oSJAuiWNSJCojcu6lsatKw
2015.11.29 10:20:17 INFO   es[o.e.cluster.service]  [sonar-1448810410404] new_master [sonar-1448810410404][oSJAuiWNSJCojcu6lsatKw][rohins-macbook-pro.local][inet[/127.0.0.1:9001]]{rack_id=sonar-1448810410404}, reason: zen-disco-join (elected_as_master)
2015.11.29 10:20:17 INFO   es[o.elasticsearch.node]  [sonar-1448810410404] started
2015.11.29 10:20:17 INFO   es[o.e.gateway]  [sonar-1448810410404] recovered [6] indices into cluster_state
Java HotSpot(TM) 64-Bit Server VM warning: ignoring option MaxPermSize=160m; support was removed in 8.0
2015.11.29 10:20:18 INFO  app[o.s.p.m.Monitor] Process[search] is up
2015.11.29 10:20:18 INFO  app[o.s.p.m.JavaProcessLauncher] Launch process[web]: /Library/Java/JavaVirtualMachines/jdk1.8.0_60.jdk/Contents/Home/jre/bin/java -Djava.awt.headless=true -Dfile.encoding=UTF-8 -Djruby.management.enabled=false -Djruby.compile.invokedynamic=false -Xmx768m -Xms256m -XX:MaxPermSize=160m -XX:+HeapDumpOnOutOfMemoryError -Djava.net.preferIPv4Stack=true -Djava.io.tmpdir=/Users/rohinmittal/Downloads/Sonar/sonarqube-5.2/temp -cp ./lib/common/*:./lib/server/*:/Users/rohinmittal/Downloads/Sonar/sonarqube-5.2/lib/jdbc/h2/h2-1.3.176.jar org.sonar.server.app.WebServer /var/folders/6q/r5pp4z_x6bj_bddy3g4xgkkh0000gn/T/sq-process6687143183391482960properties
2015.11.29 10:20:19 INFO  web[o.s.p.ProcessEntryPoint] Starting web
2015.11.29 10:20:19 INFO  web[o.s.s.app.Webapp] Webapp directory: /Users/rohinmittal/Downloads/Sonar/sonarqube-5.2/web
2015.11.29 10:20:19 INFO  web[o.a.c.h.Http11NioProtocol] Initializing ProtocolHandler ["http-nio-0.0.0.0-9000"]
2015.11.29 10:20:19 INFO  web[o.a.t.u.n.NioSelectorPool] Using a shared selector for servlet write/read
2015.11.29 10:20:20 INFO  web[o.e.plugins] [sonar-1448810410404] loaded [], sites []
2015.11.29 10:20:21 INFO  web[o.s.s.p.ServerImpl] SonarQube Server / 5.2 / f045be98be3ba032b6b19d71574038eeeb91803b
2015.11.29 10:20:21 INFO  web[o.s.s.d.EmbeddedDatabase] Starting embedded database on port 9092 with url jdbc:h2:tcp://localhost:9092/sonar
2015.11.29 10:20:21 INFO  web[o.s.s.d.EmbeddedDatabase] Embedded database started. Data stored in: /Users/rohinmittal/Downloads/Sonar/sonarqube-5.2/data
2015.11.29 10:20:21 INFO  web[o.sonar.db.Database] Create JDBC data source for jdbc:h2:tcp://localhost:9092/sonar
2015.11.29 10:20:21 WARN  web[o.s.d.DatabaseChecker] H2 database should be used for evaluation purpose only
2015.11.29 10:20:22 INFO  web[o.s.s.p.DefaultServerFileSystem] SonarQube home: /Users/rohinmittal/Downloads/Sonar/sonarqube-5.2
2015.11.29 10:20:22 INFO  web[o.s.s.p.ServerPluginRepository] Deploy plugin Git / 1.0 / 9ce9d330c313c296fab051317cc5ad4b26319e07
2015.11.29 10:20:22 INFO  web[o.s.s.p.ServerPluginRepository] Deploy plugin Java / 3.6 / 88ff47a7574edcc4472ff495c15b6f94d8dbd98f
2015.11.29 10:20:22 INFO  web[o.s.s.p.ServerPluginRepository] Deploy plugin SVN / 1.2 / d04c3cdb21f48905dd8300d1129ec90281aa6db2
2015.11.29 10:20:23 INFO  web[o.s.s.p.RailsAppsDeployer] Deploying Ruby on Rails applications
2015.11.29 10:20:23 INFO  web[o.s.s.p.UpdateCenterClient] Update center: http://update.sonarsource.org/update-center.properties (no proxy)
2015.11.29 10:20:24 INFO  web[o.s.s.n.NotificationService] Notification service started (delay 60 sec.)
2015.11.29 10:20:24 INFO  web[o.s.s.s.IndexSynchronizer] Index rules
2015.11.29 10:20:25 INFO  web[o.s.s.s.IndexSynchronizer] Index activeRules
2015.11.29 10:20:25 INFO  web[o.s.s.s.RegisterMetrics] Register metrics
2015.11.29 10:20:25 INFO  web[o.s.s.s.RegisterDebtModel] Register technical debt model
2015.11.29 10:20:25 INFO  web[o.s.s.r.RegisterRules] Register rules
2015.11.29 10:20:26 INFO  web[o.s.s.q.RegisterQualityProfiles] Register quality profiles
2015.11.29 10:20:27 INFO  web[o.s.s.s.RegisterNewMeasureFilters] Register measure filters
2015.11.29 10:20:27 INFO  web[o.s.s.s.RegisterDashboards] Register dashboards
2015.11.29 10:20:27 INFO  web[o.s.s.s.RegisterPermissionTemplates] Register permission templates
2015.11.29 10:20:27 INFO  web[o.s.s.s.RenameDeprecatedPropertyKeys] Rename deprecated property keys
2015.11.29 10:20:27 INFO  web[o.s.s.s.IndexSynchronizer] Index activities
2015.11.29 10:20:27 INFO  web[o.s.s.s.IndexSynchronizer] Index issues
2015.11.29 10:20:27 INFO  web[o.s.s.s.IndexSynchronizer] Index tests
2015.11.29 10:20:27 INFO  web[o.s.s.s.IndexSynchronizer] Index users
2015.11.29 10:20:27 INFO  web[o.s.s.s.IndexSynchronizer] Index views
2015.11.29 10:20:27 INFO  web[o.s.s.c.q.PurgeCeActivities] Delete the Compute Engine tasks created before Tue Jun 02 10:20:27 EDT 2015
2015.11.29 10:20:27 INFO  web[jruby.rack] jruby 1.7.9 (ruby-1.8.7p370) 2013-12-06 87b108a on Java HotSpot(TM) 64-Bit Server VM 1.8.0_60-b27 [darwin-x86_64]
2015.11.29 10:20:27 INFO  web[jruby.rack] using a shared (threadsafe!) runtime
2015.11.29 10:20:37 INFO  web[jruby.rack] keeping custom (config.logger) Rails logger instance
2015.11.29 10:20:37 INFO  web[o.a.c.h.Http11NioProtocol] Starting ProtocolHandler ["http-nio-0.0.0.0-9000"]
2015.11.29 10:20:37 INFO  web[o.s.s.a.TomcatAccessLog] Web server is started
2015.11.29 10:20:37 INFO  web[o.s.s.a.EmbeddedTomcat] HTTP connector enabled on port 9000
2015.11.29 10:20:38 INFO  app[o.s.p.m.Monitor] Process[web] is up
INT trapped.  Shutting down.
2015.11.29 10:25:39 INFO   es[o.elasticsearch.node]  [sonar-1448810410404] stopping ...
2015.11.29 10:25:40 INFO   es[o.elasticsearch.node]  [sonar-1448810410404] stopped
2015.11.29 10:25:40 INFO   es[o.elasticsearch.node]  [sonar-1448810410404] closing ...
2015.11.29 10:25:40 INFO   es[o.elasticsearch.node]  [sonar-1448810410404] closed
2015.11.29 10:25:40 INFO  app[o.s.p.m.TerminatorThread] Process[web] is stopping
2015.11.29 10:25:41 INFO  web[o.s.s.n.NotificationService] Notification service stopped
2015.11.29 10:25:41 INFO  web[o.s.s.d.EmbeddedDatabase] Embedded database stopped
2015.11.29 10:25:42 INFO  web[o.s.s.a.TomcatAccessLog] Web server is stopped
2015.11.29 10:25:42 INFO  app[o.s.p.m.TerminatorThread] Process[web] is stopped
<-- Wrapper Stopped
--> Wrapper Started as Console
Launching a JVM...
Wrapper (Version 3.2.3) http://wrapper.tanukisoftware.org
  Copyright 1999-2006 Tanuki Software, Inc.  All Rights Reserved.

2015.11.29 10:25:51 INFO  app[o.s.p.m.JavaProcessLauncher] Launch process[search]: /Library/Java/JavaVirtualMachines/jdk1.8.0_60.jdk/Contents/Home/jre/bin/java -Djava.awt.headless=true -Xmx1G -Xms256m -Xss256k -Djava.net.preferIPv4Stack=true -XX:+UseParNewGC -XX:+UseConcMarkSweepGC -XX:CMSInitiatingOccupancyFraction=75 -XX:+UseCMSInitiatingOccupancyOnly -XX:+HeapDumpOnOutOfMemoryError -Djava.io.tmpdir=/Users/rohinmittal/Downloads/Sonar/sonarqube-5.2/temp -cp ./lib/common/*:./lib/search/* org.sonar.search.SearchServer /var/folders/6q/r5pp4z_x6bj_bddy3g4xgkkh0000gn/T/sq-process1017783060433858223properties
2015.11.29 10:25:52 INFO   es[o.s.p.ProcessEntryPoint]  Starting search
2015.11.29 10:25:52 INFO   es[o.s.s.SearchSettings]  Elasticsearch listening on 127.0.0.1:9001
2015.11.29 10:25:53 INFO   es[o.elasticsearch.node]  [sonar-1448810751298] version[1.7.2], pid[5609], build[e43676b/2015-09-14T09:49:53Z]
2015.11.29 10:25:53 INFO   es[o.elasticsearch.node]  [sonar-1448810751298] initializing ...
2015.11.29 10:25:53 INFO   es[o.e.plugins]  [sonar-1448810751298] loaded [], sites []
2015.11.29 10:25:53 INFO   es[o.elasticsearch.env]  [sonar-1448810751298] using [1] data paths, mounts [[/ (/dev/disk1)]], net usable_space [195gb], net total_space [232.6gb], types [hfs]
2015.11.29 10:25:55 WARN   es[o.e.bootstrap]  JNA not found. native methods will be disabled.
2015.11.29 10:25:57 INFO   es[o.elasticsearch.node]  [sonar-1448810751298] initialized
2015.11.29 10:25:57 INFO   es[o.elasticsearch.node]  [sonar-1448810751298] starting ...
2015.11.29 10:25:58 INFO   es[o.e.transport]  [sonar-1448810751298] bound_address {inet[/127.0.0.1:9001]}, publish_address {inet[/127.0.0.1:9001]}
2015.11.29 10:25:58 INFO   es[o.e.discovery]  [sonar-1448810751298] sonarqube/yZby0KLNQ0eeoAgiFOiZ7Q
2015.11.29 10:26:01 INFO   es[o.e.cluster.service]  [sonar-1448810751298] new_master [sonar-1448810751298][yZby0KLNQ0eeoAgiFOiZ7Q][rohins-macbook-pro.local][inet[/127.0.0.1:9001]]{rack_id=sonar-1448810751298}, reason: zen-disco-join (elected_as_master)
2015.11.29 10:26:01 INFO   es[o.elasticsearch.node]  [sonar-1448810751298] started
2015.11.29 10:26:01 INFO   es[o.e.gateway]  [sonar-1448810751298] recovered [6] indices into cluster_state
Java HotSpot(TM) 64-Bit Server VM warning: ignoring option MaxPermSize=160m; support was removed in 8.0
2015.11.29 10:26:05 INFO  app[o.s.p.m.Monitor] Process[search] is up
2015.11.29 10:26:05 INFO  app[o.s.p.m.JavaProcessLauncher] Launch process[web]: /Library/Java/JavaVirtualMachines/jdk1.8.0_60.jdk/Contents/Home/jre/bin/java -Djava.awt.headless=true -Dfile.encoding=UTF-8 -Djruby.management.enabled=false -Djruby.compile.invokedynamic=false -Xmx768m -Xms256m -XX:MaxPermSize=160m -XX:+HeapDumpOnOutOfMemoryError -Djava.net.preferIPv4Stack=true -Djava.io.tmpdir=/Users/rohinmittal/Downloads/Sonar/sonarqube-5.2/temp -cp ./lib/common/*:./lib/server/*:/Users/rohinmittal/Downloads/Sonar/sonarqube-5.2/lib/jdbc/h2/h2-1.3.176.jar org.sonar.server.app.WebServer /var/folders/6q/r5pp4z_x6bj_bddy3g4xgkkh0000gn/T/sq-process5281956386923717339properties
2015.11.29 10:26:06 INFO  web[o.s.p.ProcessEntryPoint] Starting web
2015.11.29 10:26:06 INFO  web[o.s.s.app.Webapp] Webapp directory: /Users/rohinmittal/Downloads/Sonar/sonarqube-5.2/web
2015.11.29 10:26:07 INFO  web[o.a.c.h.Http11NioProtocol] Initializing ProtocolHandler ["http-nio-0.0.0.0-9000"]
2015.11.29 10:26:07 INFO  web[o.a.t.u.n.NioSelectorPool] Using a shared selector for servlet write/read
2015.11.29 10:26:08 INFO  web[o.e.plugins] [sonar-1448810751298] loaded [], sites []
2015.11.29 10:26:10 INFO  web[o.s.s.p.ServerImpl] SonarQube Server / 5.2 / f045be98be3ba032b6b19d71574038eeeb91803b
2015.11.29 10:26:11 INFO  web[o.s.s.d.EmbeddedDatabase] Starting embedded database on port 9092 with url jdbc:h2:tcp://localhost:9092/sonar
2015.11.29 10:26:11 INFO  web[o.s.s.d.EmbeddedDatabase] Embedded database started. Data stored in: /Users/rohinmittal/Downloads/Sonar/sonarqube-5.2/data
2015.11.29 10:26:11 INFO  web[o.sonar.db.Database] Create JDBC data source for jdbc:h2:tcp://localhost:9092/sonar
2015.11.29 10:26:11 WARN  web[o.s.d.DatabaseChecker] H2 database should be used for evaluation purpose only
2015.11.29 10:26:14 INFO  web[o.s.s.p.DefaultServerFileSystem] SonarQube home: /Users/rohinmittal/Downloads/Sonar/sonarqube-5.2
2015.11.29 10:26:14 INFO  web[o.s.s.p.ServerPluginRepository] Deploy plugin Git / 1.0 / 9ce9d330c313c296fab051317cc5ad4b26319e07
2015.11.29 10:26:14 INFO  web[o.s.s.p.ServerPluginRepository] Deploy plugin Java / 3.6 / 88ff47a7574edcc4472ff495c15b6f94d8dbd98f
2015.11.29 10:26:14 INFO  web[o.s.s.p.ServerPluginRepository] Deploy plugin PHP / 2.7 / 84dc45b89670150ceb325ba2f49c047d1302145c
2015.11.29 10:26:14 INFO  web[o.s.s.p.ServerPluginRepository] Deploy plugin SVN / 1.2 / d04c3cdb21f48905dd8300d1129ec90281aa6db2
2015.11.29 10:26:15 INFO  web[o.s.s.p.RailsAppsDeployer] Deploying Ruby on Rails applications
2015.11.29 10:26:17 INFO  web[o.s.s.p.UpdateCenterClient] Update center: http://update.sonarsource.org/update-center.properties (no proxy)
2015.11.29 10:26:18 INFO  web[o.s.s.n.NotificationService] Notification service started (delay 60 sec.)
2015.11.29 10:26:19 INFO  web[o.s.s.s.IndexSynchronizer] Index rules
2015.11.29 10:26:20 INFO  web[o.s.s.s.IndexSynchronizer] Index activeRules
2015.11.29 10:26:20 INFO  web[o.s.s.s.RegisterMetrics] Register metrics
2015.11.29 10:26:20 INFO  web[o.s.s.s.RegisterDebtModel] Register technical debt model
2015.11.29 10:26:20 INFO  web[o.s.s.r.RegisterRules] Register rules
2015.11.29 10:26:27 INFO  web[o.s.s.q.RegisterQualityProfiles] Register quality profiles
2015.11.29 10:26:28 INFO  web[o.s.s.q.RegisterQualityProfiles] Register profile {lang=php, name=Sonar way}
2015.11.29 10:26:29 INFO  web[o.s.s.q.RegisterQualityProfiles] Register profile {lang=php, name=PSR-2}
2015.11.29 10:26:30 INFO  web[o.s.s.q.RegisterQualityProfiles] Register profile {lang=php, name=Drupal}
2015.11.29 10:26:31 INFO  web[o.s.s.q.RegisterQualityProfiles] Set default php profile: Sonar way
2015.11.29 10:26:31 INFO  web[o.s.s.s.RegisterNewMeasureFilters] Register measure filters
2015.11.29 10:26:31 INFO  web[o.s.s.s.RegisterDashboards] Register dashboards
2015.11.29 10:26:31 INFO  web[o.s.s.s.RegisterPermissionTemplates] Register permission templates
2015.11.29 10:26:31 INFO  web[o.s.s.s.RenameDeprecatedPropertyKeys] Rename deprecated property keys
2015.11.29 10:26:31 INFO  web[o.s.s.s.IndexSynchronizer] Index activities
2015.11.29 10:26:31 INFO   es[o.e.cluster.metadata]  [sonar-1448810751298] [activities] update_mapping [activity] (dynamic)
2015.11.29 10:26:31 INFO  web[o.s.s.s.IndexSynchronizer] Index issues
2015.11.29 10:26:31 INFO  web[o.s.s.s.IndexSynchronizer] Index tests
2015.11.29 10:26:31 INFO  web[o.s.s.s.IndexSynchronizer] Index users
2015.11.29 10:26:32 INFO  web[o.s.s.s.IndexSynchronizer] Index views
2015.11.29 10:26:32 INFO  web[o.s.s.c.q.PurgeCeActivities] Delete the Compute Engine tasks created before Tue Jun 02 10:26:32 EDT 2015
2015.11.29 10:26:32 INFO  web[jruby.rack] jruby 1.7.9 (ruby-1.8.7p370) 2013-12-06 87b108a on Java HotSpot(TM) 64-Bit Server VM 1.8.0_60-b27 [darwin-x86_64]
2015.11.29 10:26:32 INFO  web[jruby.rack] using a shared (threadsafe!) runtime
2015.11.29 10:26:51 INFO  web[jruby.rack] keeping custom (config.logger) Rails logger instance
2015.11.29 10:26:51 INFO  web[o.a.c.h.Http11NioProtocol] Starting ProtocolHandler ["http-nio-0.0.0.0-9000"]
2015.11.29 10:26:51 INFO  web[o.s.s.a.TomcatAccessLog] Web server is started
2015.11.29 10:26:51 INFO  web[o.s.s.a.EmbeddedTomcat] HTTP connector enabled on port 9000
2015.11.29 10:26:51 INFO  app[o.s.p.m.Monitor] Process[web] is up
INT trapped.  Shutting down.
2015.11.29 10:27:38 INFO   es[o.elasticsearch.node]  [sonar-1448810751298] stopping ...
2015.11.29 10:27:38 INFO   es[o.elasticsearch.node]  [sonar-1448810751298] stopped
2015.11.29 10:27:38 INFO   es[o.elasticsearch.node]  [sonar-1448810751298] closing ...
2015.11.29 10:27:38 INFO   es[o.elasticsearch.node]  [sonar-1448810751298] closed
2015.11.29 10:27:38 INFO  app[o.s.p.m.TerminatorThread] Process[web] is stopping
2015.11.29 10:27:39 INFO  web[o.s.s.n.NotificationService] Notification service stopped
2015.11.29 10:27:39 INFO  web[o.s.s.d.EmbeddedDatabase] Embedded database stopped
2015.11.29 10:27:42 INFO  web[o.s.s.a.TomcatAccessLog] Web server is stopped
2015.11.29 10:27:42 INFO  app[o.s.p.m.TerminatorThread] Process[web] is stopped
<-- Wrapper Stopped
--> Wrapper Started as Console
Launching a JVM...
Wrapper (Version 3.2.3) http://wrapper.tanukisoftware.org
  Copyright 1999-2006 Tanuki Software, Inc.  All Rights Reserved.

2015.11.29 10:29:56 INFO  app[o.s.p.m.JavaProcessLauncher] Launch process[search]: /Library/Java/JavaVirtualMachines/jdk1.8.0_60.jdk/Contents/Home/jre/bin/java -Djava.awt.headless=true -Xmx1G -Xms256m -Xss256k -Djava.net.preferIPv4Stack=true -XX:+UseParNewGC -XX:+UseConcMarkSweepGC -XX:CMSInitiatingOccupancyFraction=75 -XX:+UseCMSInitiatingOccupancyOnly -XX:+HeapDumpOnOutOfMemoryError -Djava.io.tmpdir=/Users/rohinmittal/Sites/ubsmart/sonar/sonarqube-5.2/temp -cp ./lib/common/*:./lib/search/* org.sonar.search.SearchServer /var/folders/6q/r5pp4z_x6bj_bddy3g4xgkkh0000gn/T/sq-process7881684123611723685properties
2015.11.29 10:29:58 INFO   es[o.s.p.ProcessEntryPoint]  Starting search
2015.11.29 10:29:58 INFO   es[o.s.s.SearchSettings]  Elasticsearch listening on 127.0.0.1:9001
2015.11.29 10:29:58 INFO   es[o.elasticsearch.node]  [sonar-1448810996246] version[1.7.2], pid[5765], build[e43676b/2015-09-14T09:49:53Z]
2015.11.29 10:29:58 INFO   es[o.elasticsearch.node]  [sonar-1448810996246] initializing ...
2015.11.29 10:29:58 INFO   es[o.e.plugins]  [sonar-1448810996246] loaded [], sites []
2015.11.29 10:29:58 INFO   es[o.elasticsearch.env]  [sonar-1448810996246] using [1] data paths, mounts [[/ (/dev/disk1)]], net usable_space [194.9gb], net total_space [232.6gb], types [hfs]
2015.11.29 10:30:00 WARN   es[o.e.bootstrap]  JNA not found. native methods will be disabled.
2015.11.29 10:30:01 INFO   es[o.elasticsearch.node]  [sonar-1448810996246] initialized
2015.11.29 10:30:01 INFO   es[o.elasticsearch.node]  [sonar-1448810996246] starting ...
2015.11.29 10:30:02 INFO   es[o.e.transport]  [sonar-1448810996246] bound_address {inet[/127.0.0.1:9001]}, publish_address {inet[/127.0.0.1:9001]}
2015.11.29 10:30:02 INFO   es[o.e.discovery]  [sonar-1448810996246] sonarqube/mnWvqBtsT9ivEStZ5-rM1Q
2015.11.29 10:30:05 INFO   es[o.e.cluster.service]  [sonar-1448810996246] new_master [sonar-1448810996246][mnWvqBtsT9ivEStZ5-rM1Q][rohins-macbook-pro.local][inet[/127.0.0.1:9001]]{rack_id=sonar-1448810996246}, reason: zen-disco-join (elected_as_master)
2015.11.29 10:30:05 INFO   es[o.elasticsearch.node]  [sonar-1448810996246] started
2015.11.29 10:30:05 INFO   es[o.e.gateway]  [sonar-1448810996246] recovered [6] indices into cluster_state
2015.11.29 10:30:07 INFO  app[o.s.p.m.Monitor] Process[search] is up
2015.11.29 10:30:07 INFO  app[o.s.p.m.JavaProcessLauncher] Launch process[web]: /Library/Java/JavaVirtualMachines/jdk1.8.0_60.jdk/Contents/Home/jre/bin/java -Djava.awt.headless=true -Dfile.encoding=UTF-8 -Djruby.management.enabled=false -Djruby.compile.invokedynamic=false -Xmx768m -Xms256m -XX:MaxPermSize=160m -XX:+HeapDumpOnOutOfMemoryError -Djava.net.preferIPv4Stack=true -Djava.io.tmpdir=/Users/rohinmittal/Sites/ubsmart/sonar/sonarqube-5.2/temp -cp ./lib/common/*:./lib/server/*:/Users/rohinmittal/Sites/ubsmart/sonar/sonarqube-5.2/lib/jdbc/h2/h2-1.3.176.jar org.sonar.server.app.WebServer /var/folders/6q/r5pp4z_x6bj_bddy3g4xgkkh0000gn/T/sq-process715919163860021012properties
Java HotSpot(TM) 64-Bit Server VM warning: ignoring option MaxPermSize=160m; support was removed in 8.0
2015.11.29 10:30:08 INFO  web[o.s.p.ProcessEntryPoint] Starting web
2015.11.29 10:30:08 INFO  web[o.s.s.app.Webapp] Webapp directory: /Users/rohinmittal/Sites/ubsmart/sonar/sonarqube-5.2/web
2015.11.29 10:30:09 INFO  web[o.a.c.h.Http11NioProtocol] Initializing ProtocolHandler ["http-nio-0.0.0.0-9000"]
2015.11.29 10:30:09 INFO  web[o.a.t.u.n.NioSelectorPool] Using a shared selector for servlet write/read
2015.11.29 10:30:10 INFO  web[o.e.plugins] [sonar-1448810996246] loaded [], sites []
2015.11.29 10:30:12 INFO  web[o.s.s.p.ServerImpl] SonarQube Server / 5.2 / f045be98be3ba032b6b19d71574038eeeb91803b
2015.11.29 10:30:12 INFO  web[o.s.s.d.EmbeddedDatabase] Starting embedded database on port 9092 with url jdbc:h2:tcp://localhost:9092/sonar
2015.11.29 10:30:12 INFO  web[o.s.s.d.EmbeddedDatabase] Embedded database started. Data stored in: /Users/rohinmittal/Sites/ubsmart/sonar/sonarqube-5.2/data
2015.11.29 10:30:12 INFO  web[o.sonar.db.Database] Create JDBC data source for jdbc:h2:tcp://localhost:9092/sonar
2015.11.29 10:30:13 WARN  web[o.s.d.DatabaseChecker] H2 database should be used for evaluation purpose only
2015.11.29 10:30:14 INFO  web[o.s.s.p.DefaultServerFileSystem] SonarQube home: /Users/rohinmittal/Sites/ubsmart/sonar/sonarqube-5.2
2015.11.29 10:30:15 INFO  web[o.s.s.p.ServerPluginRepository] Deploy plugin Git / 1.0 / 9ce9d330c313c296fab051317cc5ad4b26319e07
2015.11.29 10:30:15 INFO  web[o.s.s.p.ServerPluginRepository] Deploy plugin Java / 3.6 / 88ff47a7574edcc4472ff495c15b6f94d8dbd98f
2015.11.29 10:30:15 INFO  web[o.s.s.p.ServerPluginRepository] Deploy plugin PHP / 2.7 / 84dc45b89670150ceb325ba2f49c047d1302145c
2015.11.29 10:30:15 INFO  web[o.s.s.p.ServerPluginRepository] Deploy plugin SVN / 1.2 / d04c3cdb21f48905dd8300d1129ec90281aa6db2
2015.11.29 10:30:15 INFO  web[o.s.s.p.RailsAppsDeployer] Deploying Ruby on Rails applications
2015.11.29 10:30:17 INFO  web[o.s.s.p.UpdateCenterClient] Update center: http://update.sonarsource.org/update-center.properties (no proxy)
2015.11.29 10:30:18 INFO  web[o.s.s.n.NotificationService] Notification service started (delay 60 sec.)
2015.11.29 10:30:18 INFO  web[o.s.s.s.IndexSynchronizer] Index rules
2015.11.29 10:30:19 INFO  web[o.s.s.s.IndexSynchronizer] Index activeRules
2015.11.29 10:30:19 INFO  web[o.s.s.s.RegisterMetrics] Register metrics
2015.11.29 10:30:19 INFO  web[o.s.s.s.RegisterDebtModel] Register technical debt model
2015.11.29 10:30:19 INFO  web[o.s.s.r.RegisterRules] Register rules
2015.11.29 10:30:21 INFO  web[o.s.s.q.RegisterQualityProfiles] Register quality profiles
2015.11.29 10:30:23 INFO  web[o.s.s.s.RegisterNewMeasureFilters] Register measure filters
2015.11.29 10:30:23 INFO  web[o.s.s.s.RegisterDashboards] Register dashboards
2015.11.29 10:30:23 INFO  web[o.s.s.s.RegisterPermissionTemplates] Register permission templates
2015.11.29 10:30:23 INFO  web[o.s.s.s.RenameDeprecatedPropertyKeys] Rename deprecated property keys
2015.11.29 10:30:23 INFO  web[o.s.s.s.IndexSynchronizer] Index activities
2015.11.29 10:30:23 INFO  web[o.s.s.s.IndexSynchronizer] Index issues
2015.11.29 10:30:23 INFO  web[o.s.s.s.IndexSynchronizer] Index tests
2015.11.29 10:30:23 INFO  web[o.s.s.s.IndexSynchronizer] Index users
2015.11.29 10:30:23 INFO  web[o.s.s.s.IndexSynchronizer] Index views
2015.11.29 10:30:23 INFO  web[o.s.s.c.q.PurgeCeActivities] Delete the Compute Engine tasks created before Tue Jun 02 10:30:23 EDT 2015
2015.11.29 10:30:23 INFO  web[jruby.rack] jruby 1.7.9 (ruby-1.8.7p370) 2013-12-06 87b108a on Java HotSpot(TM) 64-Bit Server VM 1.8.0_60-b27 [darwin-x86_64]
2015.11.29 10:30:23 INFO  web[jruby.rack] using a shared (threadsafe!) runtime
2015.11.29 10:30:40 INFO  web[jruby.rack] keeping custom (config.logger) Rails logger instance
2015.11.29 10:30:40 INFO  web[o.a.c.h.Http11NioProtocol] Starting ProtocolHandler ["http-nio-0.0.0.0-9000"]
2015.11.29 10:30:40 INFO  web[o.s.s.a.TomcatAccessLog] Web server is started
2015.11.29 10:30:40 INFO  web[o.s.s.a.EmbeddedTomcat] HTTP connector enabled on port 9000
2015.11.29 10:30:40 INFO  app[o.s.p.m.Monitor] Process[web] is up
2015.11.29 10:35:04 INFO  web[o.s.s.c.t.CeWorkerRunnableImpl] Execute task | project=my:ubsmart | id=AVFT4g44CGQHCXzE7Exq
2015.11.29 10:35:38 INFO  web[o.s.s.c.t.CeWorkerRunnableImpl] Executed task | project=my:ubsmart | id=AVFT4g44CGQHCXzE7Exq | time=34096ms
INT trapped.  Shutting down.
2015.11.29 10:37:26 INFO   es[o.elasticsearch.node]  [sonar-1448810996246] stopping ...
2015.11.29 10:37:26 WARN   es[o.e.index.engine]  [sonar-1448810996246] [tests][0] failed to read latest segment infos on flush
org.apache.lucene.store.NoSuchDirectoryException: directory '/Users/rohinmittal/Sites/ubsmart/sonar/sonarqube-5.2/data/es/sonarqube/nodes/0/indices/tests/0/index' does not exist
	at org.apache.lucene.store.FSDirectory.listAll(FSDirectory.java:213) ~[lucene-core-4.10.4.jar:4.10.4 1662817 - mike - 2015-02-27 16:38:43]
	at org.apache.lucene.store.FSDirectory.listAll(FSDirectory.java:237) ~[lucene-core-4.10.4.jar:4.10.4 1662817 - mike - 2015-02-27 16:38:43]
	at org.apache.lucene.store.FilterDirectory.listAll(FilterDirectory.java:48) ~[lucene-core-4.10.4.jar:4.10.4 1662817 - mike - 2015-02-27 16:38:43]
	at org.apache.lucene.store.FilterDirectory.listAll(FilterDirectory.java:48) ~[lucene-core-4.10.4.jar:4.10.4 1662817 - mike - 2015-02-27 16:38:43]
	at org.apache.lucene.store.FilterDirectory.listAll(FilterDirectory.java:48) ~[lucene-core-4.10.4.jar:4.10.4 1662817 - mike - 2015-02-27 16:38:43]
	at org.elasticsearch.index.store.Store.failIfCorrupted(Store.java:587) ~[elasticsearch-1.7.2.jar:na]
	at org.elasticsearch.index.store.Store.failIfCorrupted(Store.java:583) ~[elasticsearch-1.7.2.jar:na]
	at org.elasticsearch.index.store.Store.readLastCommittedSegmentsInfo(Store.java:150) ~[elasticsearch-1.7.2.jar:na]
	at org.elasticsearch.index.engine.InternalEngine.flush(InternalEngine.java:709) [elasticsearch-1.7.2.jar:na]
	at org.elasticsearch.index.engine.InternalEngine.flush(InternalEngine.java:631) [elasticsearch-1.7.2.jar:na]
	at org.elasticsearch.index.engine.InternalEngine.flush(InternalEngine.java:626) [elasticsearch-1.7.2.jar:na]
	at org.elasticsearch.index.engine.Engine.flushAndClose(Engine.java:1077) [elasticsearch-1.7.2.jar:na]
	at org.elasticsearch.index.shard.IndexShard.close(IndexShard.java:817) [elasticsearch-1.7.2.jar:na]
	at org.elasticsearch.index.IndexService.closeShardInjector(IndexService.java:408) [elasticsearch-1.7.2.jar:na]
	at org.elasticsearch.index.IndexService.removeShard(IndexService.java:382) [elasticsearch-1.7.2.jar:na]
	at org.elasticsearch.index.IndexService.close(IndexService.java:273) [elasticsearch-1.7.2.jar:na]
	at org.elasticsearch.indices.IndicesService.removeIndex(IndicesService.java:391) [elasticsearch-1.7.2.jar:na]
	at org.elasticsearch.indices.IndicesService.access$000(IndicesService.java:105) [elasticsearch-1.7.2.jar:na]
	at org.elasticsearch.indices.IndicesService$1.run(IndicesService.java:152) [elasticsearch-1.7.2.jar:na]
	at java.util.concurrent.ThreadPoolExecutor.runWorker(ThreadPoolExecutor.java:1142) [na:1.8.0_60]
	at java.util.concurrent.ThreadPoolExecutor$Worker.run(ThreadPoolExecutor.java:617) [na:1.8.0_60]
	at java.lang.Thread.run(Thread.java:745) [na:1.8.0_60]
2015.11.29 10:37:26 WARN   es[o.e.index.engine]  [sonar-1448810996246] [views][0] failed to read latest segment infos on flush
org.apache.lucene.store.NoSuchDirectoryException: directory '/Users/rohinmittal/Sites/ubsmart/sonar/sonarqube-5.2/data/es/sonarqube/nodes/0/indices/views/0/index' does not exist
	at org.apache.lucene.store.FSDirectory.listAll(FSDirectory.java:213) ~[lucene-core-4.10.4.jar:4.10.4 1662817 - mike - 2015-02-27 16:38:43]
	at org.apache.lucene.store.FSDirectory.listAll(FSDirectory.java:237) ~[lucene-core-4.10.4.jar:4.10.4 1662817 - mike - 2015-02-27 16:38:43]
	at org.apache.lucene.store.FilterDirectory.listAll(FilterDirectory.java:48) ~[lucene-core-4.10.4.jar:4.10.4 1662817 - mike - 2015-02-27 16:38:43]
	at org.apache.lucene.store.FilterDirectory.listAll(FilterDirectory.java:48) ~[lucene-core-4.10.4.jar:4.10.4 1662817 - mike - 2015-02-27 16:38:43]
	at org.apache.lucene.store.FilterDirectory.listAll(FilterDirectory.java:48) ~[lucene-core-4.10.4.jar:4.10.4 1662817 - mike - 2015-02-27 16:38:43]
	at org.elasticsearch.index.store.Store.failIfCorrupted(Store.java:587) ~[elasticsearch-1.7.2.jar:na]
	at org.elasticsearch.index.store.Store.failIfCorrupted(Store.java:583) ~[elasticsearch-1.7.2.jar:na]
	at org.elasticsearch.index.store.Store.readLastCommittedSegmentsInfo(Store.java:150) ~[elasticsearch-1.7.2.jar:na]
	at org.elasticsearch.index.engine.InternalEngine.flush(InternalEngine.java:709) [elasticsearch-1.7.2.jar:na]
	at org.elasticsearch.index.engine.InternalEngine.flush(InternalEngine.java:631) [elasticsearch-1.7.2.jar:na]
	at org.elasticsearch.index.engine.InternalEngine.flush(InternalEngine.java:626) [elasticsearch-1.7.2.jar:na]
	at org.elasticsearch.index.engine.Engine.flushAndClose(Engine.java:1077) [elasticsearch-1.7.2.jar:na]
	at org.elasticsearch.index.shard.IndexShard.close(IndexShard.java:817) [elasticsearch-1.7.2.jar:na]
	at org.elasticsearch.index.IndexService.closeShardInjector(IndexService.java:408) [elasticsearch-1.7.2.jar:na]
	at org.elasticsearch.index.IndexService.removeShard(IndexService.java:382) [elasticsearch-1.7.2.jar:na]
	at org.elasticsearch.index.IndexService.close(IndexService.java:273) [elasticsearch-1.7.2.jar:na]
	at org.elasticsearch.indices.IndicesService.removeIndex(IndicesService.java:391) [elasticsearch-1.7.2.jar:na]
	at org.elasticsearch.indices.IndicesService.access$000(IndicesService.java:105) [elasticsearch-1.7.2.jar:na]
	at org.elasticsearch.indices.IndicesService$1.run(IndicesService.java:152) [elasticsearch-1.7.2.jar:na]
	at java.util.concurrent.ThreadPoolExecutor.runWorker(ThreadPoolExecutor.java:1142) [na:1.8.0_60]
	at java.util.concurrent.ThreadPoolExecutor$Worker.run(ThreadPoolExecutor.java:617) [na:1.8.0_60]
	at java.lang.Thread.run(Thread.java:745) [na:1.8.0_60]
2015.11.29 10:37:26 WARN   es[o.e.index.engine]  [sonar-1448810996246] [users][0] failed to read latest segment infos on flush
org.apache.lucene.store.NoSuchDirectoryException: directory '/Users/rohinmittal/Sites/ubsmart/sonar/sonarqube-5.2/data/es/sonarqube/nodes/0/indices/users/0/index' does not exist
	at org.apache.lucene.store.FSDirectory.listAll(FSDirectory.java:213) ~[lucene-core-4.10.4.jar:4.10.4 1662817 - mike - 2015-02-27 16:38:43]
	at org.apache.lucene.store.FSDirectory.listAll(FSDirectory.java:237) ~[lucene-core-4.10.4.jar:4.10.4 1662817 - mike - 2015-02-27 16:38:43]
	at org.apache.lucene.store.FilterDirectory.listAll(FilterDirectory.java:48) ~[lucene-core-4.10.4.jar:4.10.4 1662817 - mike - 2015-02-27 16:38:43]
	at org.apache.lucene.store.FilterDirectory.listAll(FilterDirectory.java:48) ~[lucene-core-4.10.4.jar:4.10.4 1662817 - mike - 2015-02-27 16:38:43]
	at org.apache.lucene.store.FilterDirectory.listAll(FilterDirectory.java:48) ~[lucene-core-4.10.4.jar:4.10.4 1662817 - mike - 2015-02-27 16:38:43]
	at org.elasticsearch.index.store.Store.failIfCorrupted(Store.java:587) ~[elasticsearch-1.7.2.jar:na]
	at org.elasticsearch.index.store.Store.failIfCorrupted(Store.java:583) ~[elasticsearch-1.7.2.jar:na]
	at org.elasticsearch.index.store.Store.readLastCommittedSegmentsInfo(Store.java:150) ~[elasticsearch-1.7.2.jar:na]
	at org.elasticsearch.index.engine.InternalEngine.flush(InternalEngine.java:709) [elasticsearch-1.7.2.jar:na]
	at org.elasticsearch.index.engine.InternalEngine.flush(InternalEngine.java:631) [elasticsearch-1.7.2.jar:na]
	at org.elasticsearch.index.engine.InternalEngine.flush(InternalEngine.java:626) [elasticsearch-1.7.2.jar:na]
	at org.elasticsearch.index.engine.Engine.flushAndClose(Engine.java:1077) [elasticsearch-1.7.2.jar:na]
	at org.elasticsearch.index.shard.IndexShard.close(IndexShard.java:817) [elasticsearch-1.7.2.jar:na]
	at org.elasticsearch.index.IndexService.closeShardInjector(IndexService.java:408) [elasticsearch-1.7.2.jar:na]
	at org.elasticsearch.index.IndexService.removeShard(IndexService.java:382) [elasticsearch-1.7.2.jar:na]
	at org.elasticsearch.index.IndexService.close(IndexService.java:273) [elasticsearch-1.7.2.jar:na]
	at org.elasticsearch.indices.IndicesService.removeIndex(IndicesService.java:391) [elasticsearch-1.7.2.jar:na]
	at org.elasticsearch.indices.IndicesService.access$000(IndicesService.java:105) [elasticsearch-1.7.2.jar:na]
	at org.elasticsearch.indices.IndicesService$1.run(IndicesService.java:152) [elasticsearch-1.7.2.jar:na]
	at java.util.concurrent.ThreadPoolExecutor.runWorker(ThreadPoolExecutor.java:1142) [na:1.8.0_60]
	at java.util.concurrent.ThreadPoolExecutor$Worker.run(ThreadPoolExecutor.java:617) [na:1.8.0_60]
	at java.lang.Thread.run(Thread.java:745) [na:1.8.0_60]
2015.11.29 10:37:26 WARN   es[o.e.index.engine]  [sonar-1448810996246] [rules][0] failed to rollback writer on close
org.apache.lucene.store.NoSuchDirectoryException: directory '/Users/rohinmittal/Sites/ubsmart/sonar/sonarqube-5.2/data/es/sonarqube/nodes/0/indices/rules/0/index' does not exist
	at org.apache.lucene.store.FSDirectory.listAll(FSDirectory.java:213) ~[lucene-core-4.10.4.jar:4.10.4 1662817 - mike - 2015-02-27 16:38:43]
	at org.apache.lucene.store.FSDirectory.listAll(FSDirectory.java:237) ~[lucene-core-4.10.4.jar:4.10.4 1662817 - mike - 2015-02-27 16:38:43]
	at org.apache.lucene.store.FilterDirectory.listAll(FilterDirectory.java:48) ~[lucene-core-4.10.4.jar:4.10.4 1662817 - mike - 2015-02-27 16:38:43]
	at org.apache.lucene.store.FilterDirectory.listAll(FilterDirectory.java:48) ~[lucene-core-4.10.4.jar:4.10.4 1662817 - mike - 2015-02-27 16:38:43]
	at org.apache.lucene.store.FilterDirectory.listAll(FilterDirectory.java:48) ~[lucene-core-4.10.4.jar:4.10.4 1662817 - mike - 2015-02-27 16:38:43]
	at org.apache.lucene.index.IndexFileDeleter.refresh(IndexFileDeleter.java:426) ~[lucene-core-4.10.4.jar:4.10.4 1662817 - mike - 2015-02-27 16:38:43]
	at org.apache.lucene.index.IndexFileDeleter.refresh(IndexFileDeleter.java:462) ~[lucene-core-4.10.4.jar:4.10.4 1662817 - mike - 2015-02-27 16:38:43]
	at org.apache.lucene.index.IndexWriter.rollbackInternal(IndexWriter.java:2149) ~[lucene-core-4.10.4.jar:4.10.4 1662817 - mike - 2015-02-27 16:38:43]
	at org.apache.lucene.index.IndexWriter.rollback(IndexWriter.java:2089) ~[lucene-core-4.10.4.jar:4.10.4 1662817 - mike - 2015-02-27 16:38:43]
	at org.elasticsearch.index.engine.InternalEngine.closeNoLock(InternalEngine.java:1029) ~[elasticsearch-1.7.2.jar:na]
	at org.elasticsearch.index.engine.Engine.close(Engine.java:1097) [elasticsearch-1.7.2.jar:na]
	at org.elasticsearch.index.engine.Engine.flushAndClose(Engine.java:1084) [elasticsearch-1.7.2.jar:na]
	at org.elasticsearch.index.shard.IndexShard.close(IndexShard.java:817) [elasticsearch-1.7.2.jar:na]
	at org.elasticsearch.index.IndexService.closeShardInjector(IndexService.java:408) [elasticsearch-1.7.2.jar:na]
	at org.elasticsearch.index.IndexService.removeShard(IndexService.java:382) [elasticsearch-1.7.2.jar:na]
	at org.elasticsearch.index.IndexService.close(IndexService.java:273) [elasticsearch-1.7.2.jar:na]
	at org.elasticsearch.indices.IndicesService.removeIndex(IndicesService.java:391) [elasticsearch-1.7.2.jar:na]
	at org.elasticsearch.indices.IndicesService.access$000(IndicesService.java:105) [elasticsearch-1.7.2.jar:na]
	at org.elasticsearch.indices.IndicesService$1.run(IndicesService.java:152) [elasticsearch-1.7.2.jar:na]
	at java.util.concurrent.ThreadPoolExecutor.runWorker(ThreadPoolExecutor.java:1142) [na:1.8.0_60]
	at java.util.concurrent.ThreadPoolExecutor$Worker.run(ThreadPoolExecutor.java:617) [na:1.8.0_60]
	at java.lang.Thread.run(Thread.java:745) [na:1.8.0_60]
2015.11.29 10:37:26 WARN   es[o.e.index.engine]  [sonar-1448810996246] [views][0] failed to rollback writer on close
org.apache.lucene.store.NoSuchDirectoryException: directory '/Users/rohinmittal/Sites/ubsmart/sonar/sonarqube-5.2/data/es/sonarqube/nodes/0/indices/views/0/index' does not exist
	at org.apache.lucene.store.FSDirectory.listAll(FSDirectory.java:213) ~[lucene-core-4.10.4.jar:4.10.4 1662817 - mike - 2015-02-27 16:38:43]
	at org.apache.lucene.store.FSDirectory.listAll(FSDirectory.java:237) ~[lucene-core-4.10.4.jar:4.10.4 1662817 - mike - 2015-02-27 16:38:43]
	at org.apache.lucene.store.FilterDirectory.listAll(FilterDirectory.java:48) ~[lucene-core-4.10.4.jar:4.10.4 1662817 - mike - 2015-02-27 16:38:43]
	at org.apache.lucene.store.FilterDirectory.listAll(FilterDirectory.java:48) ~[lucene-core-4.10.4.jar:4.10.4 1662817 - mike - 2015-02-27 16:38:43]
	at org.apache.lucene.store.FilterDirectory.listAll(FilterDirectory.java:48) ~[lucene-core-4.10.4.jar:4.10.4 1662817 - mike - 2015-02-27 16:38:43]
	at org.apache.lucene.index.IndexFileDeleter.refresh(IndexFileDeleter.java:426) ~[lucene-core-4.10.4.jar:4.10.4 1662817 - mike - 2015-02-27 16:38:43]
	at org.apache.lucene.index.IndexFileDeleter.refresh(IndexFileDeleter.java:462) ~[lucene-core-4.10.4.jar:4.10.4 1662817 - mike - 2015-02-27 16:38:43]
	at org.apache.lucene.index.IndexWriter.rollbackInternal(IndexWriter.java:2149) ~[lucene-core-4.10.4.jar:4.10.4 1662817 - mike - 2015-02-27 16:38:43]
	at org.apache.lucene.index.IndexWriter.rollback(IndexWriter.java:2089) ~[lucene-core-4.10.4.jar:4.10.4 1662817 - mike - 2015-02-27 16:38:43]
	at org.elasticsearch.index.engine.InternalEngine.closeNoLock(InternalEngine.java:1029) ~[elasticsearch-1.7.2.jar:na]
	at org.elasticsearch.index.engine.Engine.close(Engine.java:1097) [elasticsearch-1.7.2.jar:na]
	at org.elasticsearch.index.engine.Engine.flushAndClose(Engine.java:1084) [elasticsearch-1.7.2.jar:na]
	at org.elasticsearch.index.shard.IndexShard.close(IndexShard.java:817) [elasticsearch-1.7.2.jar:na]
	at org.elasticsearch.index.IndexService.closeShardInjector(IndexService.java:408) [elasticsearch-1.7.2.jar:na]
	at org.elasticsearch.index.IndexService.removeShard(IndexService.java:382) [elasticsearch-1.7.2.jar:na]
	at org.elasticsearch.index.IndexService.close(IndexService.java:273) [elasticsearch-1.7.2.jar:na]
	at org.elasticsearch.indices.IndicesService.removeIndex(IndicesService.java:391) [elasticsearch-1.7.2.jar:na]
	at org.elasticsearch.indices.IndicesService.access$000(IndicesService.java:105) [elasticsearch-1.7.2.jar:na]
	at org.elasticsearch.indices.IndicesService$1.run(IndicesService.java:152) [elasticsearch-1.7.2.jar:na]
	at java.util.concurrent.ThreadPoolExecutor.runWorker(ThreadPoolExecutor.java:1142) [na:1.8.0_60]
	at java.util.concurrent.ThreadPoolExecutor$Worker.run(ThreadPoolExecutor.java:617) [na:1.8.0_60]
	at java.lang.Thread.run(Thread.java:745) [na:1.8.0_60]
2015.11.29 10:37:26 WARN   es[o.e.index.engine]  [sonar-1448810996246] [users][0] failed to rollback writer on close
org.apache.lucene.store.NoSuchDirectoryException: directory '/Users/rohinmittal/Sites/ubsmart/sonar/sonarqube-5.2/data/es/sonarqube/nodes/0/indices/users/0/index' does not exist
	at org.apache.lucene.store.FSDirectory.listAll(FSDirectory.java:213) ~[lucene-core-4.10.4.jar:4.10.4 1662817 - mike - 2015-02-27 16:38:43]
	at org.apache.lucene.store.FSDirectory.listAll(FSDirectory.java:237) ~[lucene-core-4.10.4.jar:4.10.4 1662817 - mike - 2015-02-27 16:38:43]
	at org.apache.lucene.store.FilterDirectory.listAll(FilterDirectory.java:48) ~[lucene-core-4.10.4.jar:4.10.4 1662817 - mike - 2015-02-27 16:38:43]
	at org.apache.lucene.store.FilterDirectory.listAll(FilterDirectory.java:48) ~[lucene-core-4.10.4.jar:4.10.4 1662817 - mike - 2015-02-27 16:38:43]
	at org.apache.lucene.store.FilterDirectory.listAll(FilterDirectory.java:48) ~[lucene-core-4.10.4.jar:4.10.4 1662817 - mike - 2015-02-27 16:38:43]
	at org.apache.lucene.index.IndexFileDeleter.refresh(IndexFileDeleter.java:426) ~[lucene-core-4.10.4.jar:4.10.4 1662817 - mike - 2015-02-27 16:38:43]
	at org.apache.lucene.index.IndexFileDeleter.refresh(IndexFileDeleter.java:462) ~[lucene-core-4.10.4.jar:4.10.4 1662817 - mike - 2015-02-27 16:38:43]
	at org.apache.lucene.index.IndexWriter.rollbackInternal(IndexWriter.java:2149) ~[lucene-core-4.10.4.jar:4.10.4 1662817 - mike - 2015-02-27 16:38:43]
	at org.apache.lucene.index.IndexWriter.rollback(IndexWriter.java:2089) ~[lucene-core-4.10.4.jar:4.10.4 1662817 - mike - 2015-02-27 16:38:43]
	at org.elasticsearch.index.engine.InternalEngine.closeNoLock(InternalEngine.java:1029) ~[elasticsearch-1.7.2.jar:na]
	at org.elasticsearch.index.engine.Engine.close(Engine.java:1097) [elasticsearch-1.7.2.jar:na]
	at org.elasticsearch.index.engine.Engine.flushAndClose(Engine.java:1084) [elasticsearch-1.7.2.jar:na]
	at org.elasticsearch.index.shard.IndexShard.close(IndexShard.java:817) [elasticsearch-1.7.2.jar:na]
	at org.elasticsearch.index.IndexService.closeShardInjector(IndexService.java:408) [elasticsearch-1.7.2.jar:na]
	at org.elasticsearch.index.IndexService.removeShard(IndexService.java:382) [elasticsearch-1.7.2.jar:na]
	at org.elasticsearch.index.IndexService.close(IndexService.java:273) [elasticsearch-1.7.2.jar:na]
	at org.elasticsearch.indices.IndicesService.removeIndex(IndicesService.java:391) [elasticsearch-1.7.2.jar:na]
	at org.elasticsearch.indices.IndicesService.access$000(IndicesService.java:105) [elasticsearch-1.7.2.jar:na]
	at org.elasticsearch.indices.IndicesService$1.run(IndicesService.java:152) [elasticsearch-1.7.2.jar:na]
	at java.util.concurrent.ThreadPoolExecutor.runWorker(ThreadPoolExecutor.java:1142) [na:1.8.0_60]
	at java.util.concurrent.ThreadPoolExecutor$Worker.run(ThreadPoolExecutor.java:617) [na:1.8.0_60]
	at java.lang.Thread.run(Thread.java:745) [na:1.8.0_60]
2015.11.29 10:37:26 WARN   es[o.e.index.engine]  [sonar-1448810996246] [views][1] failed to read latest segment infos on flush
org.apache.lucene.store.NoSuchDirectoryException: directory '/Users/rohinmittal/Sites/ubsmart/sonar/sonarqube-5.2/data/es/sonarqube/nodes/0/indices/views/1/index' does not exist
	at org.apache.lucene.store.FSDirectory.listAll(FSDirectory.java:213) ~[lucene-core-4.10.4.jar:4.10.4 1662817 - mike - 2015-02-27 16:38:43]
	at org.apache.lucene.store.FSDirectory.listAll(FSDirectory.java:237) ~[lucene-core-4.10.4.jar:4.10.4 1662817 - mike - 2015-02-27 16:38:43]
	at org.apache.lucene.store.FilterDirectory.listAll(FilterDirectory.java:48) ~[lucene-core-4.10.4.jar:4.10.4 1662817 - mike - 2015-02-27 16:38:43]
	at org.apache.lucene.store.FilterDirectory.listAll(FilterDirectory.java:48) ~[lucene-core-4.10.4.jar:4.10.4 1662817 - mike - 2015-02-27 16:38:43]
	at org.apache.lucene.store.FilterDirectory.listAll(FilterDirectory.java:48) ~[lucene-core-4.10.4.jar:4.10.4 1662817 - mike - 2015-02-27 16:38:43]
	at org.elasticsearch.index.store.Store.failIfCorrupted(Store.java:587) ~[elasticsearch-1.7.2.jar:na]
	at org.elasticsearch.index.store.Store.failIfCorrupted(Store.java:583) ~[elasticsearch-1.7.2.jar:na]
	at org.elasticsearch.index.store.Store.readLastCommittedSegmentsInfo(Store.java:150) ~[elasticsearch-1.7.2.jar:na]
	at org.elasticsearch.index.engine.InternalEngine.flush(InternalEngine.java:709) [elasticsearch-1.7.2.jar:na]
	at org.elasticsearch.index.engine.InternalEngine.flush(InternalEngine.java:631) [elasticsearch-1.7.2.jar:na]
	at org.elasticsearch.index.engine.InternalEngine.flush(InternalEngine.java:626) [elasticsearch-1.7.2.jar:na]
	at org.elasticsearch.index.engine.Engine.flushAndClose(Engine.java:1077) [elasticsearch-1.7.2.jar:na]
	at org.elasticsearch.index.shard.IndexShard.close(IndexShard.java:817) [elasticsearch-1.7.2.jar:na]
	at org.elasticsearch.index.IndexService.closeShardInjector(IndexService.java:408) [elasticsearch-1.7.2.jar:na]
	at org.elasticsearch.index.IndexService.removeShard(IndexService.java:382) [elasticsearch-1.7.2.jar:na]
	at org.elasticsearch.index.IndexService.close(IndexService.java:273) [elasticsearch-1.7.2.jar:na]
	at org.elasticsearch.indices.IndicesService.removeIndex(IndicesService.java:391) [elasticsearch-1.7.2.jar:na]
	at org.elasticsearch.indices.IndicesService.access$000(IndicesService.java:105) [elasticsearch-1.7.2.jar:na]
	at org.elasticsearch.indices.IndicesService$1.run(IndicesService.java:152) [elasticsearch-1.7.2.jar:na]
	at java.util.concurrent.ThreadPoolExecutor.runWorker(ThreadPoolExecutor.java:1142) [na:1.8.0_60]
	at java.util.concurrent.ThreadPoolExecutor$Worker.run(ThreadPoolExecutor.java:617) [na:1.8.0_60]
	at java.lang.Thread.run(Thread.java:745) [na:1.8.0_60]
2015.11.29 10:37:26 WARN   es[o.e.index.engine]  [sonar-1448810996246] [tests][0] failed to rollback writer on close
org.apache.lucene.store.NoSuchDirectoryException: directory '/Users/rohinmittal/Sites/ubsmart/sonar/sonarqube-5.2/data/es/sonarqube/nodes/0/indices/tests/0/index' does not exist
	at org.apache.lucene.store.FSDirectory.listAll(FSDirectory.java:213) ~[lucene-core-4.10.4.jar:4.10.4 1662817 - mike - 2015-02-27 16:38:43]
	at org.apache.lucene.store.FSDirectory.listAll(FSDirectory.java:237) ~[lucene-core-4.10.4.jar:4.10.4 1662817 - mike - 2015-02-27 16:38:43]
	at org.apache.lucene.store.FilterDirectory.listAll(FilterDirectory.java:48) ~[lucene-core-4.10.4.jar:4.10.4 1662817 - mike - 2015-02-27 16:38:43]
	at org.apache.lucene.store.FilterDirectory.listAll(FilterDirectory.java:48) ~[lucene-core-4.10.4.jar:4.10.4 1662817 - mike - 2015-02-27 16:38:43]
	at org.apache.lucene.store.FilterDirectory.listAll(FilterDirectory.java:48) ~[lucene-core-4.10.4.jar:4.10.4 1662817 - mike - 2015-02-27 16:38:43]
	at org.apache.lucene.index.IndexFileDeleter.refresh(IndexFileDeleter.java:426) ~[lucene-core-4.10.4.jar:4.10.4 1662817 - mike - 2015-02-27 16:38:43]
	at org.apache.lucene.index.IndexFileDeleter.refresh(IndexFileDeleter.java:462) ~[lucene-core-4.10.4.jar:4.10.4 1662817 - mike - 2015-02-27 16:38:43]
	at org.apache.lucene.index.IndexWriter.rollbackInternal(IndexWriter.java:2149) ~[lucene-core-4.10.4.jar:4.10.4 1662817 - mike - 2015-02-27 16:38:43]
	at org.apache.lucene.index.IndexWriter.rollback(IndexWriter.java:2089) ~[lucene-core-4.10.4.jar:4.10.4 1662817 - mike - 2015-02-27 16:38:43]
	at org.elasticsearch.index.engine.InternalEngine.closeNoLock(InternalEngine.java:1029) ~[elasticsearch-1.7.2.jar:na]
	at org.elasticsearch.index.engine.Engine.close(Engine.java:1097) [elasticsearch-1.7.2.jar:na]
	at org.elasticsearch.index.engine.Engine.flushAndClose(Engine.java:1084) [elasticsearch-1.7.2.jar:na]
	at org.elasticsearch.index.shard.IndexShard.close(IndexShard.java:817) [elasticsearch-1.7.2.jar:na]
	at org.elasticsearch.index.IndexService.closeShardInjector(IndexService.java:408) [elasticsearch-1.7.2.jar:na]
	at org.elasticsearch.index.IndexService.removeShard(IndexService.java:382) [elasticsearch-1.7.2.jar:na]
	at org.elasticsearch.index.IndexService.close(IndexService.java:273) [elasticsearch-1.7.2.jar:na]
	at org.elasticsearch.indices.IndicesService.removeIndex(IndicesService.java:391) [elasticsearch-1.7.2.jar:na]
	at org.elasticsearch.indices.IndicesService.access$000(IndicesService.java:105) [elasticsearch-1.7.2.jar:na]
	at org.elasticsearch.indices.IndicesService$1.run(IndicesService.java:152) [elasticsearch-1.7.2.jar:na]
	at java.util.concurrent.ThreadPoolExecutor.runWorker(ThreadPoolExecutor.java:1142) [na:1.8.0_60]
	at java.util.concurrent.ThreadPoolExecutor$Worker.run(ThreadPoolExecutor.java:617) [na:1.8.0_60]
	at java.lang.Thread.run(Thread.java:745) [na:1.8.0_60]
2015.11.29 10:37:26 WARN   es[o.e.index.engine]  [sonar-1448810996246] [users][1] failed to read latest segment infos on flush
org.apache.lucene.store.NoSuchDirectoryException: directory '/Users/rohinmittal/Sites/ubsmart/sonar/sonarqube-5.2/data/es/sonarqube/nodes/0/indices/users/1/index' does not exist
	at org.apache.lucene.store.FSDirectory.listAll(FSDirectory.java:213) ~[lucene-core-4.10.4.jar:4.10.4 1662817 - mike - 2015-02-27 16:38:43]
	at org.apache.lucene.store.FSDirectory.listAll(FSDirectory.java:237) ~[lucene-core-4.10.4.jar:4.10.4 1662817 - mike - 2015-02-27 16:38:43]
	at org.apache.lucene.store.FilterDirectory.listAll(FilterDirectory.java:48) ~[lucene-core-4.10.4.jar:4.10.4 1662817 - mike - 2015-02-27 16:38:43]
	at org.apache.lucene.store.FilterDirectory.listAll(FilterDirectory.java:48) ~[lucene-core-4.10.4.jar:4.10.4 1662817 - mike - 2015-02-27 16:38:43]
	at org.apache.lucene.store.FilterDirectory.listAll(FilterDirectory.java:48) ~[lucene-core-4.10.4.jar:4.10.4 1662817 - mike - 2015-02-27 16:38:43]
	at org.elasticsearch.index.store.Store.failIfCorrupted(Store.java:587) ~[elasticsearch-1.7.2.jar:na]
	at org.elasticsearch.index.store.Store.failIfCorrupted(Store.java:583) ~[elasticsearch-1.7.2.jar:na]
	at org.elasticsearch.index.store.Store.readLastCommittedSegmentsInfo(Store.java:150) ~[elasticsearch-1.7.2.jar:na]
	at org.elasticsearch.index.engine.InternalEngine.flush(InternalEngine.java:709) [elasticsearch-1.7.2.jar:na]
	at org.elasticsearch.index.engine.InternalEngine.flush(InternalEngine.java:631) [elasticsearch-1.7.2.jar:na]
	at org.elasticsearch.index.engine.InternalEngine.flush(InternalEngine.java:626) [elasticsearch-1.7.2.jar:na]
	at org.elasticsearch.index.engine.Engine.flushAndClose(Engine.java:1077) [elasticsearch-1.7.2.jar:na]
	at org.elasticsearch.index.shard.IndexShard.close(IndexShard.java:817) [elasticsearch-1.7.2.jar:na]
	at org.elasticsearch.index.IndexService.closeShardInjector(IndexService.java:408) [elasticsearch-1.7.2.jar:na]
	at org.elasticsearch.index.IndexService.removeShard(IndexService.java:382) [elasticsearch-1.7.2.jar:na]
	at org.elasticsearch.index.IndexService.close(IndexService.java:273) [elasticsearch-1.7.2.jar:na]
	at org.elasticsearch.indices.IndicesService.removeIndex(IndicesService.java:391) [elasticsearch-1.7.2.jar:na]
	at org.elasticsearch.indices.IndicesService.access$000(IndicesService.java:105) [elasticsearch-1.7.2.jar:na]
	at org.elasticsearch.indices.IndicesService$1.run(IndicesService.java:152) [elasticsearch-1.7.2.jar:na]
	at java.util.concurrent.ThreadPoolExecutor.runWorker(ThreadPoolExecutor.java:1142) [na:1.8.0_60]
	at java.util.concurrent.ThreadPoolExecutor$Worker.run(ThreadPoolExecutor.java:617) [na:1.8.0_60]
	at java.lang.Thread.run(Thread.java:745) [na:1.8.0_60]
2015.11.29 10:37:26 WARN   es[o.e.index.engine]  [sonar-1448810996246] [tests][1] failed to read latest segment infos on flush
org.apache.lucene.store.NoSuchDirectoryException: directory '/Users/rohinmittal/Sites/ubsmart/sonar/sonarqube-5.2/data/es/sonarqube/nodes/0/indices/tests/1/index' does not exist
	at org.apache.lucene.store.FSDirectory.listAll(FSDirectory.java:213) ~[lucene-core-4.10.4.jar:4.10.4 1662817 - mike - 2015-02-27 16:38:43]
	at org.apache.lucene.store.FSDirectory.listAll(FSDirectory.java:237) ~[lucene-core-4.10.4.jar:4.10.4 1662817 - mike - 2015-02-27 16:38:43]
	at org.apache.lucene.store.FilterDirectory.listAll(FilterDirectory.java:48) ~[lucene-core-4.10.4.jar:4.10.4 1662817 - mike - 2015-02-27 16:38:43]
	at org.apache.lucene.store.FilterDirectory.listAll(FilterDirectory.java:48) ~[lucene-core-4.10.4.jar:4.10.4 1662817 - mike - 2015-02-27 16:38:43]
	at org.apache.lucene.store.FilterDirectory.listAll(FilterDirectory.java:48) ~[lucene-core-4.10.4.jar:4.10.4 1662817 - mike - 2015-02-27 16:38:43]
	at org.elasticsearch.index.store.Store.failIfCorrupted(Store.java:587) ~[elasticsearch-1.7.2.jar:na]
	at org.elasticsearch.index.store.Store.failIfCorrupted(Store.java:583) ~[elasticsearch-1.7.2.jar:na]
	at org.elasticsearch.index.store.Store.readLastCommittedSegmentsInfo(Store.java:150) ~[elasticsearch-1.7.2.jar:na]
	at org.elasticsearch.index.engine.InternalEngine.flush(InternalEngine.java:709) [elasticsearch-1.7.2.jar:na]
	at org.elasticsearch.index.engine.InternalEngine.flush(InternalEngine.java:631) [elasticsearch-1.7.2.jar:na]
	at org.elasticsearch.index.engine.InternalEngine.flush(InternalEngine.java:626) [elasticsearch-1.7.2.jar:na]
	at org.elasticsearch.index.engine.Engine.flushAndClose(Engine.java:1077) [elasticsearch-1.7.2.jar:na]
	at org.elasticsearch.index.shard.IndexShard.close(IndexShard.java:817) [elasticsearch-1.7.2.jar:na]
	at org.elasticsearch.index.IndexService.closeShardInjector(IndexService.java:408) [elasticsearch-1.7.2.jar:na]
	at org.elasticsearch.index.IndexService.removeShard(IndexService.java:382) [elasticsearch-1.7.2.jar:na]
	at org.elasticsearch.index.IndexService.close(IndexService.java:273) [elasticsearch-1.7.2.jar:na]
	at org.elasticsearch.indices.IndicesService.removeIndex(IndicesService.java:391) [elasticsearch-1.7.2.jar:na]
	at org.elasticsearch.indices.IndicesService.access$000(IndicesService.java:105) [elasticsearch-1.7.2.jar:na]
	at org.elasticsearch.indices.IndicesService$1.run(IndicesService.java:152) [elasticsearch-1.7.2.jar:na]
	at java.util.concurrent.ThreadPoolExecutor.runWorker(ThreadPoolExecutor.java:1142) [na:1.8.0_60]
	at java.util.concurrent.ThreadPoolExecutor$Worker.run(ThreadPoolExecutor.java:617) [na:1.8.0_60]
	at java.lang.Thread.run(Thread.java:745) [na:1.8.0_60]
2015.11.29 10:37:26 WARN   es[o.e.index.engine]  [sonar-1448810996246] [views][1] failed to rollback writer on close
org.apache.lucene.store.NoSuchDirectoryException: directory '/Users/rohinmittal/Sites/ubsmart/sonar/sonarqube-5.2/data/es/sonarqube/nodes/0/indices/views/1/index' does not exist
	at org.apache.lucene.store.FSDirectory.listAll(FSDirectory.java:213) ~[lucene-core-4.10.4.jar:4.10.4 1662817 - mike - 2015-02-27 16:38:43]
	at org.apache.lucene.store.FSDirectory.listAll(FSDirectory.java:237) ~[lucene-core-4.10.4.jar:4.10.4 1662817 - mike - 2015-02-27 16:38:43]
	at org.apache.lucene.store.FilterDirectory.listAll(FilterDirectory.java:48) ~[lucene-core-4.10.4.jar:4.10.4 1662817 - mike - 2015-02-27 16:38:43]
	at org.apache.lucene.store.FilterDirectory.listAll(FilterDirectory.java:48) ~[lucene-core-4.10.4.jar:4.10.4 1662817 - mike - 2015-02-27 16:38:43]
	at org.apache.lucene.store.FilterDirectory.listAll(FilterDirectory.java:48) ~[lucene-core-4.10.4.jar:4.10.4 1662817 - mike - 2015-02-27 16:38:43]
	at org.apache.lucene.index.IndexFileDeleter.refresh(IndexFileDeleter.java:426) ~[lucene-core-4.10.4.jar:4.10.4 1662817 - mike - 2015-02-27 16:38:43]
	at org.apache.lucene.index.IndexFileDeleter.refresh(IndexFileDeleter.java:462) ~[lucene-core-4.10.4.jar:4.10.4 1662817 - mike - 2015-02-27 16:38:43]
	at org.apache.lucene.index.IndexWriter.rollbackInternal(IndexWriter.java:2149) ~[lucene-core-4.10.4.jar:4.10.4 1662817 - mike - 2015-02-27 16:38:43]
	at org.apache.lucene.index.IndexWriter.rollback(IndexWriter.java:2089) ~[lucene-core-4.10.4.jar:4.10.4 1662817 - mike - 2015-02-27 16:38:43]
	at org.elasticsearch.index.engine.InternalEngine.closeNoLock(InternalEngine.java:1029) ~[elasticsearch-1.7.2.jar:na]
	at org.elasticsearch.index.engine.Engine.close(Engine.java:1097) [elasticsearch-1.7.2.jar:na]
	at org.elasticsearch.index.engine.Engine.flushAndClose(Engine.java:1084) [elasticsearch-1.7.2.jar:na]
	at org.elasticsearch.index.shard.IndexShard.close(IndexShard.java:817) [elasticsearch-1.7.2.jar:na]
	at org.elasticsearch.index.IndexService.closeShardInjector(IndexService.java:408) [elasticsearch-1.7.2.jar:na]
	at org.elasticsearch.index.IndexService.removeShard(IndexService.java:382) [elasticsearch-1.7.2.jar:na]
	at org.elasticsearch.index.IndexService.close(IndexService.java:273) [elasticsearch-1.7.2.jar:na]
	at org.elasticsearch.indices.IndicesService.removeIndex(IndicesService.java:391) [elasticsearch-1.7.2.jar:na]
	at org.elasticsearch.indices.IndicesService.access$000(IndicesService.java:105) [elasticsearch-1.7.2.jar:na]
	at org.elasticsearch.indices.IndicesService$1.run(IndicesService.java:152) [elasticsearch-1.7.2.jar:na]
	at java.util.concurrent.ThreadPoolExecutor.runWorker(ThreadPoolExecutor.java:1142) [na:1.8.0_60]
	at java.util.concurrent.ThreadPoolExecutor$Worker.run(ThreadPoolExecutor.java:617) [na:1.8.0_60]
	at java.lang.Thread.run(Thread.java:745) [na:1.8.0_60]
2015.11.29 10:37:26 WARN   es[o.e.index.engine]  [sonar-1448810996246] [users][1] failed to rollback writer on close
org.apache.lucene.store.NoSuchDirectoryException: directory '/Users/rohinmittal/Sites/ubsmart/sonar/sonarqube-5.2/data/es/sonarqube/nodes/0/indices/users/1/index' does not exist
	at org.apache.lucene.store.FSDirectory.listAll(FSDirectory.java:213) ~[lucene-core-4.10.4.jar:4.10.4 1662817 - mike - 2015-02-27 16:38:43]
	at org.apache.lucene.store.FSDirectory.listAll(FSDirectory.java:237) ~[lucene-core-4.10.4.jar:4.10.4 1662817 - mike - 2015-02-27 16:38:43]
	at org.apache.lucene.store.FilterDirectory.listAll(FilterDirectory.java:48) ~[lucene-core-4.10.4.jar:4.10.4 1662817 - mike - 2015-02-27 16:38:43]
	at org.apache.lucene.store.FilterDirectory.listAll(FilterDirectory.java:48) ~[lucene-core-4.10.4.jar:4.10.4 1662817 - mike - 2015-02-27 16:38:43]
	at org.apache.lucene.store.FilterDirectory.listAll(FilterDirectory.java:48) ~[lucene-core-4.10.4.jar:4.10.4 1662817 - mike - 2015-02-27 16:38:43]
	at org.apache.lucene.index.IndexFileDeleter.refresh(IndexFileDeleter.java:426) ~[lucene-core-4.10.4.jar:4.10.4 1662817 - mike - 2015-02-27 16:38:43]
	at org.apache.lucene.index.IndexFileDeleter.refresh(IndexFileDeleter.java:462) ~[lucene-core-4.10.4.jar:4.10.4 1662817 - mike - 2015-02-27 16:38:43]
	at org.apache.lucene.index.IndexWriter.rollbackInternal(IndexWriter.java:2149) ~[lucene-core-4.10.4.jar:4.10.4 1662817 - mike - 2015-02-27 16:38:43]
	at org.apache.lucene.index.IndexWriter.rollback(IndexWriter.java:2089) ~[lucene-core-4.10.4.jar:4.10.4 1662817 - mike - 2015-02-27 16:38:43]
	at org.elasticsearch.index.engine.InternalEngine.closeNoLock(InternalEngine.java:1029) ~[elasticsearch-1.7.2.jar:na]
	at org.elasticsearch.index.engine.Engine.close(Engine.java:1097) [elasticsearch-1.7.2.jar:na]
	at org.elasticsearch.index.engine.Engine.flushAndClose(Engine.java:1084) [elasticsearch-1.7.2.jar:na]
	at org.elasticsearch.index.shard.IndexShard.close(IndexShard.java:817) [elasticsearch-1.7.2.jar:na]
	at org.elasticsearch.index.IndexService.closeShardInjector(IndexService.java:408) [elasticsearch-1.7.2.jar:na]
	at org.elasticsearch.index.IndexService.removeShard(IndexService.java:382) [elasticsearch-1.7.2.jar:na]
	at org.elasticsearch.index.IndexService.close(IndexService.java:273) [elasticsearch-1.7.2.jar:na]
	at org.elasticsearch.indices.IndicesService.removeIndex(IndicesService.java:391) [elasticsearch-1.7.2.jar:na]
	at org.elasticsearch.indices.IndicesService.access$000(IndicesService.java:105) [elasticsearch-1.7.2.jar:na]
	at org.elasticsearch.indices.IndicesService$1.run(IndicesService.java:152) [elasticsearch-1.7.2.jar:na]
	at java.util.concurrent.ThreadPoolExecutor.runWorker(ThreadPoolExecutor.java:1142) [na:1.8.0_60]
	at java.util.concurrent.ThreadPoolExecutor$Worker.run(ThreadPoolExecutor.java:617) [na:1.8.0_60]
	at java.lang.Thread.run(Thread.java:745) [na:1.8.0_60]
2015.11.29 10:37:26 WARN   es[o.e.index.engine]  [sonar-1448810996246] [tests][1] failed to rollback writer on close
org.apache.lucene.store.NoSuchDirectoryException: directory '/Users/rohinmittal/Sites/ubsmart/sonar/sonarqube-5.2/data/es/sonarqube/nodes/0/indices/tests/1/index' does not exist
	at org.apache.lucene.store.FSDirectory.listAll(FSDirectory.java:213) ~[lucene-core-4.10.4.jar:4.10.4 1662817 - mike - 2015-02-27 16:38:43]
	at org.apache.lucene.store.FSDirectory.listAll(FSDirectory.java:237) ~[lucene-core-4.10.4.jar:4.10.4 1662817 - mike - 2015-02-27 16:38:43]
	at org.apache.lucene.store.FilterDirectory.listAll(FilterDirectory.java:48) ~[lucene-core-4.10.4.jar:4.10.4 1662817 - mike - 2015-02-27 16:38:43]
	at org.apache.lucene.store.FilterDirectory.listAll(FilterDirectory.java:48) ~[lucene-core-4.10.4.jar:4.10.4 1662817 - mike - 2015-02-27 16:38:43]
	at org.apache.lucene.store.FilterDirectory.listAll(FilterDirectory.java:48) ~[lucene-core-4.10.4.jar:4.10.4 1662817 - mike - 2015-02-27 16:38:43]
	at org.apache.lucene.index.IndexFileDeleter.refresh(IndexFileDeleter.java:426) ~[lucene-core-4.10.4.jar:4.10.4 1662817 - mike - 2015-02-27 16:38:43]
	at org.apache.lucene.index.IndexFileDeleter.refresh(IndexFileDeleter.java:462) ~[lucene-core-4.10.4.jar:4.10.4 1662817 - mike - 2015-02-27 16:38:43]
	at org.apache.lucene.index.IndexWriter.rollbackInternal(IndexWriter.java:2149) ~[lucene-core-4.10.4.jar:4.10.4 1662817 - mike - 2015-02-27 16:38:43]
	at org.apache.lucene.index.IndexWriter.rollback(IndexWriter.java:2089) ~[lucene-core-4.10.4.jar:4.10.4 1662817 - mike - 2015-02-27 16:38:43]
	at org.elasticsearch.index.engine.InternalEngine.closeNoLock(InternalEngine.java:1029) ~[elasticsearch-1.7.2.jar:na]
	at org.elasticsearch.index.engine.Engine.close(Engine.java:1097) [elasticsearch-1.7.2.jar:na]
	at org.elasticsearch.index.engine.Engine.flushAndClose(Engine.java:1084) [elasticsearch-1.7.2.jar:na]
	at org.elasticsearch.index.shard.IndexShard.close(IndexShard.java:817) [elasticsearch-1.7.2.jar:na]
	at org.elasticsearch.index.IndexService.closeShardInjector(IndexService.java:408) [elasticsearch-1.7.2.jar:na]
	at org.elasticsearch.index.IndexService.removeShard(IndexService.java:382) [elasticsearch-1.7.2.jar:na]
	at org.elasticsearch.index.IndexService.close(IndexService.java:273) [elasticsearch-1.7.2.jar:na]
	at org.elasticsearch.indices.IndicesService.removeIndex(IndicesService.java:391) [elasticsearch-1.7.2.jar:na]
	at org.elasticsearch.indices.IndicesService.access$000(IndicesService.java:105) [elasticsearch-1.7.2.jar:na]
	at org.elasticsearch.indices.IndicesService$1.run(IndicesService.java:152) [elasticsearch-1.7.2.jar:na]
	at java.util.concurrent.ThreadPoolExecutor.runWorker(ThreadPoolExecutor.java:1142) [na:1.8.0_60]
	at java.util.concurrent.ThreadPoolExecutor$Worker.run(ThreadPoolExecutor.java:617) [na:1.8.0_60]
	at java.lang.Thread.run(Thread.java:745) [na:1.8.0_60]
2015.11.29 10:37:26 WARN   es[o.e.index.engine]  [sonar-1448810996246] [users][2] failed to read latest segment infos on flush
org.apache.lucene.store.NoSuchDirectoryException: directory '/Users/rohinmittal/Sites/ubsmart/sonar/sonarqube-5.2/data/es/sonarqube/nodes/0/indices/users/2/index' does not exist
	at org.apache.lucene.store.FSDirectory.listAll(FSDirectory.java:213) ~[lucene-core-4.10.4.jar:4.10.4 1662817 - mike - 2015-02-27 16:38:43]
	at org.apache.lucene.store.FSDirectory.listAll(FSDirectory.java:237) ~[lucene-core-4.10.4.jar:4.10.4 1662817 - mike - 2015-02-27 16:38:43]
	at org.apache.lucene.store.FilterDirectory.listAll(FilterDirectory.java:48) ~[lucene-core-4.10.4.jar:4.10.4 1662817 - mike - 2015-02-27 16:38:43]
	at org.apache.lucene.store.FilterDirectory.listAll(FilterDirectory.java:48) ~[lucene-core-4.10.4.jar:4.10.4 1662817 - mike - 2015-02-27 16:38:43]
	at org.apache.lucene.store.FilterDirectory.listAll(FilterDirectory.java:48) ~[lucene-core-4.10.4.jar:4.10.4 1662817 - mike - 2015-02-27 16:38:43]
	at org.elasticsearch.index.store.Store.failIfCorrupted(Store.java:587) ~[elasticsearch-1.7.2.jar:na]
	at org.elasticsearch.index.store.Store.failIfCorrupted(Store.java:583) ~[elasticsearch-1.7.2.jar:na]
	at org.elasticsearch.index.store.Store.readLastCommittedSegmentsInfo(Store.java:150) ~[elasticsearch-1.7.2.jar:na]
	at org.elasticsearch.index.engine.InternalEngine.flush(InternalEngine.java:709) [elasticsearch-1.7.2.jar:na]
	at org.elasticsearch.index.engine.InternalEngine.flush(InternalEngine.java:631) [elasticsearch-1.7.2.jar:na]
	at org.elasticsearch.index.engine.InternalEngine.flush(InternalEngine.java:626) [elasticsearch-1.7.2.jar:na]
	at org.elasticsearch.index.engine.Engine.flushAndClose(Engine.java:1077) [elasticsearch-1.7.2.jar:na]
	at org.elasticsearch.index.shard.IndexShard.close(IndexShard.java:817) [elasticsearch-1.7.2.jar:na]
	at org.elasticsearch.index.IndexService.closeShardInjector(IndexService.java:408) [elasticsearch-1.7.2.jar:na]
	at org.elasticsearch.index.IndexService.removeShard(IndexService.java:382) [elasticsearch-1.7.2.jar:na]
	at org.elasticsearch.index.IndexService.close(IndexService.java:273) [elasticsearch-1.7.2.jar:na]
	at org.elasticsearch.indices.IndicesService.removeIndex(IndicesService.java:391) [elasticsearch-1.7.2.jar:na]
INT trapped.  Forcing immediate shutdown.
JVM did not exit on request, terminated
JVM exited on its own while waiting to kill the application.
JVM exited in response to signal SIGKILL (9).
<-- Wrapper Stopped
--> Wrapper Started as Console
Launching a JVM...
Wrapper (Version 3.2.3) http://wrapper.tanukisoftware.org
  Copyright 1999-2006 Tanuki Software, Inc.  All Rights Reserved.

2015.11.29 10:37:43 INFO  app[o.s.p.m.JavaProcessLauncher] Launch process[search]: /Library/Java/JavaVirtualMachines/jdk1.8.0_60.jdk/Contents/Home/jre/bin/java -Djava.awt.headless=true -Xmx1G -Xms256m -Xss256k -Djava.net.preferIPv4Stack=true -XX:+UseParNewGC -XX:+UseConcMarkSweepGC -XX:CMSInitiatingOccupancyFraction=75 -XX:+UseCMSInitiatingOccupancyOnly -XX:+HeapDumpOnOutOfMemoryError -Djava.io.tmpdir=/Users/rohinmittal/Sites/ubsmart/application/sonar/sonarqube-5.2/temp -cp ./lib/common/*:./lib/search/* org.sonar.search.SearchServer /var/folders/6q/r5pp4z_x6bj_bddy3g4xgkkh0000gn/T/sq-process2077184392627060192properties
2015.11.29 10:37:44 INFO   es[o.s.p.ProcessEntryPoint]  Starting search
2015.11.29 10:37:44 INFO   es[o.s.s.SearchSettings]  Elasticsearch listening on 127.0.0.1:9001
2015.11.29 10:37:44 INFO   es[o.elasticsearch.node]  [sonar-1448811462855] version[1.7.2], pid[5923], build[e43676b/2015-09-14T09:49:53Z]
2015.11.29 10:37:44 INFO   es[o.elasticsearch.node]  [sonar-1448811462855] initializing ...
2015.11.29 10:37:44 INFO   es[o.e.plugins]  [sonar-1448811462855] loaded [], sites []
2015.11.29 10:37:45 INFO   es[o.elasticsearch.env]  [sonar-1448811462855] using [1] data paths, mounts [[/ (/dev/disk1)]], net usable_space [195gb], net total_space [232.6gb], types [hfs]
2015.11.29 10:37:48 WARN   es[o.e.bootstrap]  JNA not found. native methods will be disabled.
2015.11.29 10:37:49 INFO   es[o.elasticsearch.node]  [sonar-1448811462855] initialized
2015.11.29 10:37:49 INFO   es[o.elasticsearch.node]  [sonar-1448811462855] starting ...
2015.11.29 10:37:50 INFO   es[o.e.transport]  [sonar-1448811462855] bound_address {inet[/127.0.0.1:9001]}, publish_address {inet[/127.0.0.1:9001]}
2015.11.29 10:37:50 INFO   es[o.e.discovery]  [sonar-1448811462855] sonarqube/gXKpUJINSiOhf2Qh3cKUvg
2015.11.29 10:37:53 INFO   es[o.e.cluster.service]  [sonar-1448811462855] new_master [sonar-1448811462855][gXKpUJINSiOhf2Qh3cKUvg][rohins-macbook-pro.local][inet[/127.0.0.1:9001]]{rack_id=sonar-1448811462855}, reason: zen-disco-join (elected_as_master)
2015.11.29 10:37:53 INFO   es[o.elasticsearch.node]  [sonar-1448811462855] started
2015.11.29 10:37:53 INFO   es[o.e.gateway]  [sonar-1448811462855] recovered [6] indices into cluster_state
Java HotSpot(TM) 64-Bit Server VM warning: ignoring option MaxPermSize=160m; support was removed in 8.0
2015.11.29 10:38:00 INFO  app[o.s.p.m.Monitor] Process[search] is up
2015.11.29 10:38:00 INFO  app[o.s.p.m.JavaProcessLauncher] Launch process[web]: /Library/Java/JavaVirtualMachines/jdk1.8.0_60.jdk/Contents/Home/jre/bin/java -Djava.awt.headless=true -Dfile.encoding=UTF-8 -Djruby.management.enabled=false -Djruby.compile.invokedynamic=false -Xmx768m -Xms256m -XX:MaxPermSize=160m -XX:+HeapDumpOnOutOfMemoryError -Djava.net.preferIPv4Stack=true -Djava.io.tmpdir=/Users/rohinmittal/Sites/ubsmart/application/sonar/sonarqube-5.2/temp -cp ./lib/common/*:./lib/server/*:/Users/rohinmittal/Sites/ubsmart/application/sonar/sonarqube-5.2/lib/jdbc/h2/h2-1.3.176.jar org.sonar.server.app.WebServer /var/folders/6q/r5pp4z_x6bj_bddy3g4xgkkh0000gn/T/sq-process9193282661886820401properties
2015.11.29 10:38:01 INFO  web[o.s.p.ProcessEntryPoint] Starting web
2015.11.29 10:38:01 INFO  web[o.s.s.app.Webapp] Webapp directory: /Users/rohinmittal/Sites/ubsmart/application/sonar/sonarqube-5.2/web
2015.11.29 10:38:02 INFO  web[o.a.c.h.Http11NioProtocol] Initializing ProtocolHandler ["http-nio-0.0.0.0-9000"]
2015.11.29 10:38:02 INFO  web[o.a.t.u.n.NioSelectorPool] Using a shared selector for servlet write/read
2015.11.29 10:38:03 INFO  web[o.e.plugins] [sonar-1448811462855] loaded [], sites []
2015.11.29 10:38:04 INFO  web[o.s.s.p.ServerImpl] SonarQube Server / 5.2 / f045be98be3ba032b6b19d71574038eeeb91803b
2015.11.29 10:38:07 INFO  web[o.s.s.d.EmbeddedDatabase] Starting embedded database on port 9092 with url jdbc:h2:tcp://localhost:9092/sonar
2015.11.29 10:38:07 INFO  web[o.s.s.d.EmbeddedDatabase] Embedded database started. Data stored in: /Users/rohinmittal/Sites/ubsmart/application/sonar/sonarqube-5.2/data
2015.11.29 10:38:07 INFO  web[o.sonar.db.Database] Create JDBC data source for jdbc:h2:tcp://localhost:9092/sonar
2015.11.29 10:38:08 WARN  web[o.s.d.DatabaseChecker] H2 database should be used for evaluation purpose only
2015.11.29 10:38:09 INFO  web[o.s.s.p.DefaultServerFileSystem] SonarQube home: /Users/rohinmittal/Sites/ubsmart/application/sonar/sonarqube-5.2
2015.11.29 10:38:10 INFO  web[o.s.s.p.ServerPluginRepository] Deploy plugin Git / 1.0 / 9ce9d330c313c296fab051317cc5ad4b26319e07
2015.11.29 10:38:10 INFO  web[o.s.s.p.ServerPluginRepository] Deploy plugin Java / 3.6 / 88ff47a7574edcc4472ff495c15b6f94d8dbd98f
2015.11.29 10:38:10 INFO  web[o.s.s.p.ServerPluginRepository] Deploy plugin PHP / 2.7 / 84dc45b89670150ceb325ba2f49c047d1302145c
2015.11.29 10:38:10 INFO  web[o.s.s.p.ServerPluginRepository] Deploy plugin SVN / 1.2 / d04c3cdb21f48905dd8300d1129ec90281aa6db2
2015.11.29 10:38:10 INFO  web[o.s.s.p.RailsAppsDeployer] Deploying Ruby on Rails applications
2015.11.29 10:38:12 INFO  web[o.s.s.p.UpdateCenterClient] Update center: http://update.sonarsource.org/update-center.properties (no proxy)
2015.11.29 10:38:13 INFO  web[o.s.s.n.NotificationService] Notification service started (delay 60 sec.)
2015.11.29 10:38:13 INFO  web[o.s.s.s.IndexSynchronizer] Index rules
2015.11.29 10:38:13 INFO  web[o.s.s.s.IndexSynchronizer] Index activeRules
2015.11.29 10:38:14 INFO  web[o.s.s.s.RegisterMetrics] Register metrics
2015.11.29 10:38:14 INFO  web[o.s.s.s.RegisterDebtModel] Register technical debt model
2015.11.29 10:38:14 INFO  web[o.s.s.r.RegisterRules] Register rules
2015.11.29 10:38:17 INFO  web[o.s.s.q.RegisterQualityProfiles] Register quality profiles
2015.11.29 10:38:18 INFO  web[o.s.s.s.RegisterNewMeasureFilters] Register measure filters
2015.11.29 10:38:18 INFO  web[o.s.s.s.RegisterDashboards] Register dashboards
2015.11.29 10:38:18 INFO  web[o.s.s.s.RegisterPermissionTemplates] Register permission templates
2015.11.29 10:38:18 INFO  web[o.s.s.s.RenameDeprecatedPropertyKeys] Rename deprecated property keys
2015.11.29 10:38:18 INFO  web[o.s.s.s.IndexSynchronizer] Index activities
2015.11.29 10:38:19 INFO  web[o.s.s.s.IndexSynchronizer] Index issues
2015.11.29 10:38:19 INFO  web[o.s.s.s.IndexSynchronizer] Index tests
2015.11.29 10:38:19 INFO  web[o.s.s.s.IndexSynchronizer] Index users
2015.11.29 10:38:19 INFO  web[o.s.s.s.IndexSynchronizer] Index views
2015.11.29 10:38:19 INFO  web[o.s.s.c.q.PurgeCeActivities] Delete the Compute Engine tasks created before Tue Jun 02 10:38:19 EDT 2015
2015.11.29 10:38:19 INFO  web[jruby.rack] jruby 1.7.9 (ruby-1.8.7p370) 2013-12-06 87b108a on Java HotSpot(TM) 64-Bit Server VM 1.8.0_60-b27 [darwin-x86_64]
2015.11.29 10:38:19 INFO  web[jruby.rack] using a shared (threadsafe!) runtime
2015.11.29 10:38:36 INFO  web[jruby.rack] keeping custom (config.logger) Rails logger instance
2015.11.29 10:38:37 INFO  web[o.a.c.h.Http11NioProtocol] Starting ProtocolHandler ["http-nio-0.0.0.0-9000"]
2015.11.29 10:38:37 INFO  web[o.s.s.a.TomcatAccessLog] Web server is started
2015.11.29 10:38:37 INFO  web[o.s.s.a.EmbeddedTomcat] HTTP connector enabled on port 9000
WARNING: while creating new bindings for class org.jruby.rack.RackInput,
found an existing binding; you may want to run a clean build.
WARNING: while creating new bindings for class org.jruby.rack.RackInput,
found an existing binding; you may want to run a clean build.
2015.11.29 10:38:37 INFO  app[o.s.p.m.Monitor] Process[web] is up
2015.11.29 10:39:19 INFO  web[o.s.s.c.t.CeWorkerRunnableImpl] Execute task | project=my:ubsmart | id=AVFT5fR9EAYH_kaoWe9w
2015.11.29 10:39:55 INFO  web[o.s.s.c.t.CeWorkerRunnableImpl] Executed task | project=my:ubsmart | id=AVFT5fR9EAYH_kaoWe9w | time=36460ms
2015.11.29 10:43:33 INFO  web[o.s.s.c.t.CeWorkerRunnableImpl] Execute task | project=my:ubsmart | id=AVFT6dLREAYH_kaoWfEh
2015.11.29 10:43:42 INFO  web[o.s.s.c.t.CeWorkerRunnableImpl] Executed task | project=my:ubsmart | id=AVFT6dLREAYH_kaoWfEh | time=9632ms
