2015.11.29 10:39:19 INFO  [o.s.s.c.t.CeWorkerRunnableImpl] Execute task | project=my:ubsmart | id=AVFT5fR9EAYH_kaoWe9w
2015.11.29 10:39:19 INFO  [o.s.s.c.s.ExtractReportStep] Analysis report extracted | compressedSize=171 KB
2015.11.29 10:39:19 INFO  [o.s.s.c.s.ComputationStepExecutor] Extract report | time=195ms
2015.11.29 10:39:19 INFO  [o.s.s.c.s.LogScannerContextStep] SonarQube plugins:
2015.11.29 10:39:19 INFO  [o.s.s.c.s.LogScannerContextStep]   - PHP 2.7 (php)
2015.11.29 10:39:19 INFO  [o.s.s.c.s.LogScannerContextStep]   - Java 3.6 (java)
2015.11.29 10:39:19 INFO  [o.s.s.c.s.LogScannerContextStep]   - SVN 1.2 (scmsvn)
2015.11.29 10:39:19 INFO  [o.s.s.c.s.LogScannerContextStep]   - Git 1.0 (scmgit)
2015.11.29 10:39:19 INFO  [o.s.s.c.s.LogScannerContextStep] Settings for module: my:ubsmart
2015.11.29 10:39:19 INFO  [o.s.s.c.s.LogScannerContextStep]   - sonar.core.id=20151129103803
2015.11.29 10:39:19 INFO  [o.s.s.c.s.LogScannerContextStep]   - sonar.core.startTime=2015-11-29T10:38:03-0500
2015.11.29 10:39:19 INFO  [o.s.s.c.s.LogScannerContextStep]   - sonar.core.version=5.2
2015.11.29 10:39:19 INFO  [o.s.s.c.s.LogScannerContextStep]   - sonar.host.url=http://localhost:9000
2015.11.29 10:39:19 INFO  [o.s.s.c.s.LogScannerContextStep]   - sonar.libraries=
2015.11.29 10:39:19 INFO  [o.s.s.c.s.LogScannerContextStep]   - sonar.permission.template.default=default_template
2015.11.29 10:39:19 INFO  [o.s.s.c.s.LogScannerContextStep]   - sonar.projectBaseDir=/Users/rohinmittal/Sites/ubsmart/application/.
2015.11.29 10:39:19 INFO  [o.s.s.c.s.LogScannerContextStep]   - sonar.projectKey=my:ubsmart
2015.11.29 10:39:19 INFO  [o.s.s.c.s.LogScannerContextStep]   - sonar.projectName=UBsMart
2015.11.29 10:39:19 INFO  [o.s.s.c.s.LogScannerContextStep]   - sonar.projectVersion=1.0
2015.11.29 10:39:19 INFO  [o.s.s.c.s.LogScannerContextStep]   - sonar.qualitygate=1
2015.11.29 10:39:19 INFO  [o.s.s.c.s.LogScannerContextStep]   - sonar.sourceEncoding=UTF-8
2015.11.29 10:39:19 INFO  [o.s.s.c.s.LogScannerContextStep]   - sonar.sources=.
2015.11.29 10:39:19 INFO  [o.s.s.c.s.LogScannerContextStep]   - sonar.working.directory=/Users/rohinmittal/Sites/ubsmart/application/./.sonar
2015.11.29 10:39:19 INFO  [o.s.s.c.s.ComputationStepExecutor] Log scanner context | time=6ms
2015.11.29 10:39:19 INFO  [o.s.s.c.s.ComputationStepExecutor] Build tree of components | time=225ms
2015.11.29 10:39:19 INFO  [o.s.s.c.s.ComputationStepExecutor] Validate project | time=25ms
2015.11.29 10:39:19 INFO  [o.s.s.c.s.ComputationStepExecutor] Load debt model | time=20ms
2015.11.29 10:39:20 INFO  [o.s.s.c.s.ComputationStepExecutor] Load quality profiles | time=256ms
2015.11.29 10:39:20 INFO  [o.s.s.c.s.ComputationStepExecutor] Load Quality gate | time=27ms
2015.11.29 10:39:20 INFO  [o.s.s.c.s.ComputationStepExecutor] Load differential periods | time=136ms
2015.11.29 10:39:20 INFO  [o.s.s.c.s.ComputationStepExecutor] Compute size measures | time=153ms
2015.11.29 10:39:20 INFO  [o.s.s.c.s.ComputationStepExecutor] Compute new coverage | time=216ms
2015.11.29 10:39:20 INFO  [o.s.s.c.s.ComputationStepExecutor] Compute coverage measures | time=14ms
2015.11.29 10:39:20 INFO  [o.s.s.c.s.ComputationStepExecutor] Compute comment measures | time=15ms
2015.11.29 10:39:20 INFO  [o.s.s.c.s.ComputationStepExecutor] Copy custom measures | time=149ms
2015.11.29 10:39:20 INFO  [o.s.s.c.s.ComputationStepExecutor] Compute duplication measures | time=8ms
2015.11.29 10:39:20 INFO  [o.s.s.c.s.ComputationStepExecutor] Compute language distribution | time=39ms
2015.11.29 10:39:20 INFO  [o.s.s.c.s.ComputationStepExecutor] Compute test measures | time=4ms
2015.11.29 10:39:21 INFO  [o.s.s.c.s.ComputationStepExecutor] Compute complexity measures | time=105ms
2015.11.29 10:39:21 INFO  [o.s.s.c.s.ComputationStepExecutor] Load measure computers | time=10ms
2015.11.29 10:39:25 INFO  [o.s.s.c.s.ExecuteVisitorsStep]   Execution time for each component visitor:
2015.11.29 10:39:25 INFO  [o.s.s.c.s.ExecuteVisitorsStep]   - LoadComponentUuidsHavingOpenIssuesVisitor | time=246ms
2015.11.29 10:39:25 INFO  [o.s.s.c.s.ExecuteVisitorsStep]   - IntegrateIssuesVisitor | time=1075ms
2015.11.29 10:39:25 INFO  [o.s.s.c.s.ExecuteVisitorsStep]   - CloseIssuesOnRemovedComponentsVisitor | time=3257ms
2015.11.29 10:39:25 INFO  [o.s.s.c.s.ExecuteVisitorsStep]   - SqaleMeasuresVisitor | time=14ms
2015.11.29 10:39:25 INFO  [o.s.s.c.s.ExecuteVisitorsStep]   - SqaleNewMeasuresVisitor | time=8ms
2015.11.29 10:39:25 INFO  [o.s.s.c.s.ExecuteVisitorsStep]   - LastCommitVisitor | time=1ms
2015.11.29 10:39:25 INFO  [o.s.s.c.s.ExecuteVisitorsStep]   - MeasureComputersVisitor | time=12ms
2015.11.29 10:39:25 INFO  [o.s.s.c.s.ComputationStepExecutor] Execute component visitors | time=4649ms
2015.11.29 10:39:25 INFO  [o.s.s.c.s.ComputationStepExecutor] Compute measure variations | time=151ms
2015.11.29 10:39:25 INFO  [o.s.s.c.s.ComputationStepExecutor] Computes Quality Gate measures | time=17ms
2015.11.29 10:39:25 INFO  [o.s.s.c.s.ComputationStepExecutor] Compute Quality profile measures | time=3ms
2015.11.29 10:39:26 INFO  [o.s.s.c.s.ComputationStepExecutor] Generate Quality profile events | time=23ms
2015.11.29 10:39:26 INFO  [o.s.s.c.s.ComputationStepExecutor] Generate Quality gate events | time=4ms
2015.11.29 10:39:26 INFO  [o.s.s.c.s.ComputationStepExecutor] Persist components | time=265ms
2015.11.29 10:39:26 INFO  [o.s.s.c.s.ComputationStepExecutor] Persist snapshots | time=93ms
2015.11.29 10:39:27 INFO  [o.s.s.c.s.ComputationStepExecutor] Persist measures | time=936ms
2015.11.29 10:39:42 INFO  [o.s.s.c.s.ComputationStepExecutor] Persist issues | time=15568ms
2015.11.29 10:39:42 INFO  [o.s.s.c.s.ComputationStepExecutor] Persist project links | time=7ms
2015.11.29 10:39:42 INFO  [o.s.s.c.s.ComputationStepExecutor] Persist events | time=12ms
2015.11.29 10:39:42 INFO  [o.s.s.c.s.ComputationStepExecutor] Persist duplications | time=23ms
2015.11.29 10:39:43 INFO  [o.s.s.c.s.ComputationStepExecutor] Persist sources | time=714ms
2015.11.29 10:39:43 INFO  [o.s.s.c.s.ComputationStepExecutor] Persist tests | time=5ms
2015.11.29 10:39:43 INFO  [o.s.s.c.s.ComputationStepExecutor] Enable snapshot | time=71ms
2015.11.29 10:39:43 INFO  [o.s.s.c.s.ComputationStepExecutor] Index components | time=164ms
2015.11.29 10:39:50 INFO  [o.s.s.c.s.ComputationStepExecutor] Purge db | time=6432ms
2015.11.29 10:39:50 INFO  [o.s.s.c.s.ComputationStepExecutor] Apply permissions | time=10ms
2015.11.29 10:39:55 INFO  [o.s.s.c.s.ComputationStepExecutor] Index issues | time=4899ms
2015.11.29 10:39:55 INFO  [o.s.s.c.s.ComputationStepExecutor] Index tests | time=149ms
2015.11.29 10:39:55 INFO  [o.s.s.c.s.ComputationStepExecutor] Send issue notifications | time=5ms
2015.11.29 10:39:55 INFO  [o.s.s.c.t.CeWorkerRunnableImpl] Executed task | project=my:ubsmart | id=AVFT5fR9EAYH_kaoWe9w | time=36454ms
