2015.11.29 10:43:33 INFO  [o.s.s.c.t.CeWorkerRunnableImpl] Execute task | project=my:ubsmart | id=AVFT6dLREAYH_kaoWfEh
2015.11.29 10:43:34 INFO  [o.s.s.c.s.ExtractReportStep] Analysis report extracted | compressedSize=171 KB
2015.11.29 10:43:34 INFO  [o.s.s.c.s.ComputationStepExecutor] Extract report | time=883ms
2015.11.29 10:43:34 INFO  [o.s.s.c.s.LogScannerContextStep] SonarQube plugins:
2015.11.29 10:43:34 INFO  [o.s.s.c.s.LogScannerContextStep]   - PHP 2.7 (php)
2015.11.29 10:43:34 INFO  [o.s.s.c.s.LogScannerContextStep]   - Java 3.6 (java)
2015.11.29 10:43:34 INFO  [o.s.s.c.s.LogScannerContextStep]   - SVN 1.2 (scmsvn)
2015.11.29 10:43:34 INFO  [o.s.s.c.s.LogScannerContextStep]   - Git 1.0 (scmgit)
2015.11.29 10:43:34 INFO  [o.s.s.c.s.LogScannerContextStep] Settings for module: my:ubsmart
2015.11.29 10:43:34 INFO  [o.s.s.c.s.LogScannerContextStep]   - sonar.core.id=20151129103803
2015.11.29 10:43:34 INFO  [o.s.s.c.s.LogScannerContextStep]   - sonar.core.startTime=2015-11-29T10:38:03-0500
2015.11.29 10:43:34 INFO  [o.s.s.c.s.LogScannerContextStep]   - sonar.core.version=5.2
2015.11.29 10:43:34 INFO  [o.s.s.c.s.LogScannerContextStep]   - sonar.host.url=http://localhost:9000
2015.11.29 10:43:34 INFO  [o.s.s.c.s.LogScannerContextStep]   - sonar.libraries=
2015.11.29 10:43:34 INFO  [o.s.s.c.s.LogScannerContextStep]   - sonar.permission.template.default=default_template
2015.11.29 10:43:34 INFO  [o.s.s.c.s.LogScannerContextStep]   - sonar.projectBaseDir=/Users/rohinmittal/Sites/ubsmart/application/.
2015.11.29 10:43:34 INFO  [o.s.s.c.s.LogScannerContextStep]   - sonar.projectKey=my:ubsmart
2015.11.29 10:43:34 INFO  [o.s.s.c.s.LogScannerContextStep]   - sonar.projectName=UBsMart
2015.11.29 10:43:34 INFO  [o.s.s.c.s.LogScannerContextStep]   - sonar.projectVersion=1.0
2015.11.29 10:43:34 INFO  [o.s.s.c.s.LogScannerContextStep]   - sonar.qualitygate=1
2015.11.29 10:43:34 INFO  [o.s.s.c.s.LogScannerContextStep]   - sonar.sourceEncoding=UTF-8
2015.11.29 10:43:34 INFO  [o.s.s.c.s.LogScannerContextStep]   - sonar.sources=.
2015.11.29 10:43:34 INFO  [o.s.s.c.s.LogScannerContextStep]   - sonar.working.directory=/Users/rohinmittal/Sites/ubsmart/application/./.sonar
2015.11.29 10:43:34 INFO  [o.s.s.c.s.ComputationStepExecutor] Log scanner context | time=19ms
2015.11.29 10:43:34 INFO  [o.s.s.c.s.ComputationStepExecutor] Build tree of components | time=285ms
2015.11.29 10:43:34 INFO  [o.s.s.c.s.ComputationStepExecutor] Validate project | time=10ms
2015.11.29 10:43:34 INFO  [o.s.s.c.s.ComputationStepExecutor] Load debt model | time=10ms
2015.11.29 10:43:34 INFO  [o.s.s.c.s.ComputationStepExecutor] Load quality profiles | time=276ms
2015.11.29 10:43:34 INFO  [o.s.s.c.s.ComputationStepExecutor] Load Quality gate | time=28ms
2015.11.29 10:43:34 INFO  [o.s.s.c.s.ComputationStepExecutor] Load differential periods | time=29ms
2015.11.29 10:43:34 INFO  [o.s.s.c.s.ComputationStepExecutor] Compute size measures | time=28ms
2015.11.29 10:43:35 INFO  [o.s.s.c.s.ComputationStepExecutor] Compute new coverage | time=347ms
2015.11.29 10:43:35 INFO  [o.s.s.c.s.ComputationStepExecutor] Compute coverage measures | time=7ms
2015.11.29 10:43:35 INFO  [o.s.s.c.s.ComputationStepExecutor] Compute comment measures | time=5ms
2015.11.29 10:43:35 INFO  [o.s.s.c.s.ComputationStepExecutor] Copy custom measures | time=148ms
2015.11.29 10:43:35 INFO  [o.s.s.c.s.ComputationStepExecutor] Compute duplication measures | time=4ms
2015.11.29 10:43:35 INFO  [o.s.s.c.s.ComputationStepExecutor] Compute language distribution | time=9ms
2015.11.29 10:43:35 INFO  [o.s.s.c.s.ComputationStepExecutor] Compute test measures | time=1ms
2015.11.29 10:43:35 INFO  [o.s.s.c.s.ComputationStepExecutor] Compute complexity measures | time=37ms
2015.11.29 10:43:35 INFO  [o.s.s.c.s.ComputationStepExecutor] Load measure computers | time=0ms
2015.11.29 10:43:38 INFO  [o.s.s.c.s.ExecuteVisitorsStep]   Execution time for each component visitor:
2015.11.29 10:43:38 INFO  [o.s.s.c.s.ExecuteVisitorsStep]   - LoadComponentUuidsHavingOpenIssuesVisitor | time=9ms
2015.11.29 10:43:38 INFO  [o.s.s.c.s.ExecuteVisitorsStep]   - IntegrateIssuesVisitor | time=3421ms
2015.11.29 10:43:38 INFO  [o.s.s.c.s.ExecuteVisitorsStep]   - CloseIssuesOnRemovedComponentsVisitor | time=0ms
2015.11.29 10:43:38 INFO  [o.s.s.c.s.ExecuteVisitorsStep]   - SqaleMeasuresVisitor | time=45ms
2015.11.29 10:43:38 INFO  [o.s.s.c.s.ExecuteVisitorsStep]   - SqaleNewMeasuresVisitor | time=21ms
2015.11.29 10:43:38 INFO  [o.s.s.c.s.ExecuteVisitorsStep]   - LastCommitVisitor | time=1ms
2015.11.29 10:43:38 INFO  [o.s.s.c.s.ExecuteVisitorsStep]   - MeasureComputersVisitor | time=3ms
2015.11.29 10:43:38 INFO  [o.s.s.c.s.ComputationStepExecutor] Execute component visitors | time=3553ms
2015.11.29 10:43:39 INFO  [o.s.s.c.s.ComputationStepExecutor] Compute measure variations | time=186ms
2015.11.29 10:43:39 INFO  [o.s.s.c.s.ComputationStepExecutor] Computes Quality Gate measures | time=2ms
2015.11.29 10:43:39 INFO  [o.s.s.c.s.ComputationStepExecutor] Compute Quality profile measures | time=0ms
2015.11.29 10:43:39 INFO  [o.s.s.c.s.ComputationStepExecutor] Generate Quality profile events | time=5ms
2015.11.29 10:43:39 INFO  [o.s.s.c.s.ComputationStepExecutor] Generate Quality gate events | time=3ms
2015.11.29 10:43:39 INFO  [o.s.s.c.s.ComputationStepExecutor] Persist components | time=118ms
2015.11.29 10:43:39 INFO  [o.s.s.c.s.ComputationStepExecutor] Persist snapshots | time=107ms
2015.11.29 10:43:40 INFO  [o.s.s.c.s.ComputationStepExecutor] Persist measures | time=1053ms
2015.11.29 10:43:41 INFO  [o.s.s.c.s.ComputationStepExecutor] Persist issues | time=957ms
2015.11.29 10:43:41 INFO  [o.s.s.c.s.ComputationStepExecutor] Persist project links | time=2ms
2015.11.29 10:43:41 INFO  [o.s.s.c.s.ComputationStepExecutor] Persist events | time=46ms
2015.11.29 10:43:41 INFO  [o.s.s.c.s.ComputationStepExecutor] Persist duplications | time=22ms
2015.11.29 10:43:41 INFO  [o.s.s.c.s.ComputationStepExecutor] Persist sources | time=341ms
2015.11.29 10:43:41 INFO  [o.s.s.c.s.ComputationStepExecutor] Persist tests | time=2ms
2015.11.29 10:43:41 INFO  [o.s.s.c.s.ComputationStepExecutor] Enable snapshot | time=29ms
2015.11.29 10:43:41 INFO  [o.s.s.c.s.ComputationStepExecutor] Index components | time=24ms
2015.11.29 10:43:42 INFO  [o.s.s.c.s.ComputationStepExecutor] Purge db | time=328ms
2015.11.29 10:43:42 INFO  [o.s.s.c.s.ComputationStepExecutor] Apply permissions | time=4ms
2015.11.29 10:43:42 INFO  [o.s.s.c.s.ComputationStepExecutor] Index issues | time=99ms
2015.11.29 10:43:42 INFO  [o.s.s.c.s.ComputationStepExecutor] Index tests | time=185ms
2015.11.29 10:43:42 INFO  [o.s.s.c.s.ComputationStepExecutor] Send issue notifications | time=8ms
2015.11.29 10:43:42 INFO  [o.s.s.c.t.CeWorkerRunnableImpl] Executed task | project=my:ubsmart | id=AVFT6dLREAYH_kaoWfEh | time=9626ms
