2015.11.29 10:35:04 INFO  [o.s.s.c.t.CeWorkerRunnableImpl] Execute task | project=my:ubsmart | id=AVFT4g44CGQHCXzE7Exq
2015.11.29 10:35:06 INFO  [o.s.s.c.s.ExtractReportStep] Analysis report extracted | compressedSize=2 MB
2015.11.29 10:35:06 INFO  [o.s.s.c.s.ComputationStepExecutor] Extract report | time=1262ms
2015.11.29 10:35:06 INFO  [o.s.s.c.s.LogScannerContextStep] SonarQube plugins:
2015.11.29 10:35:06 INFO  [o.s.s.c.s.LogScannerContextStep]   - PHP 2.7 (php)
2015.11.29 10:35:06 INFO  [o.s.s.c.s.LogScannerContextStep]   - Java 3.6 (java)
2015.11.29 10:35:06 INFO  [o.s.s.c.s.LogScannerContextStep]   - SVN 1.2 (scmsvn)
2015.11.29 10:35:06 INFO  [o.s.s.c.s.LogScannerContextStep]   - Git 1.0 (scmgit)
2015.11.29 10:35:06 INFO  [o.s.s.c.s.LogScannerContextStep] Settings for module: my:ubsmart
2015.11.29 10:35:06 INFO  [o.s.s.c.s.LogScannerContextStep]   - sonar.core.id=20151129103010
2015.11.29 10:35:06 INFO  [o.s.s.c.s.LogScannerContextStep]   - sonar.core.startTime=2015-11-29T10:30:10-0500
2015.11.29 10:35:06 INFO  [o.s.s.c.s.LogScannerContextStep]   - sonar.core.version=5.2
2015.11.29 10:35:06 INFO  [o.s.s.c.s.LogScannerContextStep]   - sonar.host.url=http://localhost:9000
2015.11.29 10:35:06 INFO  [o.s.s.c.s.LogScannerContextStep]   - sonar.libraries=
2015.11.29 10:35:06 INFO  [o.s.s.c.s.LogScannerContextStep]   - sonar.permission.template.default=default_template
2015.11.29 10:35:06 INFO  [o.s.s.c.s.LogScannerContextStep]   - sonar.projectBaseDir=/Users/rohinmittal/Sites/ubsmart/.
2015.11.29 10:35:06 INFO  [o.s.s.c.s.LogScannerContextStep]   - sonar.projectKey=my:ubsmart
2015.11.29 10:35:06 INFO  [o.s.s.c.s.LogScannerContextStep]   - sonar.projectName=UBsMart
2015.11.29 10:35:06 INFO  [o.s.s.c.s.LogScannerContextStep]   - sonar.projectVersion=1.0
2015.11.29 10:35:06 INFO  [o.s.s.c.s.LogScannerContextStep]   - sonar.qualitygate=1
2015.11.29 10:35:06 INFO  [o.s.s.c.s.LogScannerContextStep]   - sonar.sourceEncoding=UTF-8
2015.11.29 10:35:06 INFO  [o.s.s.c.s.LogScannerContextStep]   - sonar.sources=.
2015.11.29 10:35:06 INFO  [o.s.s.c.s.LogScannerContextStep]   - sonar.working.directory=/Users/rohinmittal/Sites/ubsmart/./.sonar
2015.11.29 10:35:06 INFO  [o.s.s.c.s.ComputationStepExecutor] Log scanner context | time=6ms
2015.11.29 10:35:06 INFO  [o.s.s.c.s.ComputationStepExecutor] Build tree of components | time=112ms
2015.11.29 10:35:06 INFO  [o.s.s.c.s.ComputationStepExecutor] Validate project | time=9ms
2015.11.29 10:35:06 INFO  [o.s.s.c.s.ComputationStepExecutor] Load debt model | time=17ms
2015.11.29 10:35:06 INFO  [o.s.s.c.s.ComputationStepExecutor] Load quality profiles | time=270ms
2015.11.29 10:35:06 INFO  [o.s.s.c.s.ComputationStepExecutor] Load Quality gate | time=17ms
2015.11.29 10:35:06 INFO  [o.s.s.c.s.ComputationStepExecutor] Load differential periods | time=80ms
2015.11.29 10:35:07 INFO  [o.s.s.c.s.ComputationStepExecutor] Compute size measures | time=426ms
2015.11.29 10:35:07 INFO  [o.s.s.c.s.ComputationStepExecutor] Compute new coverage | time=336ms
2015.11.29 10:35:07 INFO  [o.s.s.c.s.ComputationStepExecutor] Compute coverage measures | time=36ms
2015.11.29 10:35:07 INFO  [o.s.s.c.s.ComputationStepExecutor] Compute comment measures | time=51ms
2015.11.29 10:35:08 INFO  [o.s.s.c.s.ComputationStepExecutor] Copy custom measures | time=593ms
2015.11.29 10:35:08 INFO  [o.s.s.c.s.ComputationStepExecutor] Compute duplication measures | time=20ms
2015.11.29 10:35:08 INFO  [o.s.s.c.s.ComputationStepExecutor] Compute language distribution | time=76ms
2015.11.29 10:35:08 INFO  [o.s.s.c.s.ComputationStepExecutor] Compute test measures | time=14ms
2015.11.29 10:35:08 INFO  [o.s.s.c.s.ComputationStepExecutor] Compute complexity measures | time=241ms
2015.11.29 10:35:08 INFO  [o.s.s.c.s.ComputationStepExecutor] Load measure computers | time=14ms
2015.11.29 10:35:15 INFO  [o.s.s.c.s.ExecuteVisitorsStep]   Execution time for each component visitor:
2015.11.29 10:35:15 INFO  [o.s.s.c.s.ExecuteVisitorsStep]   - LoadComponentUuidsHavingOpenIssuesVisitor | time=17ms
2015.11.29 10:35:15 INFO  [o.s.s.c.s.ExecuteVisitorsStep]   - IntegrateIssuesVisitor | time=5965ms
2015.11.29 10:35:15 INFO  [o.s.s.c.s.ExecuteVisitorsStep]   - CloseIssuesOnRemovedComponentsVisitor | time=1ms
2015.11.29 10:35:15 INFO  [o.s.s.c.s.ExecuteVisitorsStep]   - SqaleMeasuresVisitor | time=86ms
2015.11.29 10:35:15 INFO  [o.s.s.c.s.ExecuteVisitorsStep]   - SqaleNewMeasuresVisitor | time=7ms
2015.11.29 10:35:15 INFO  [o.s.s.c.s.ExecuteVisitorsStep]   - LastCommitVisitor | time=20ms
2015.11.29 10:35:15 INFO  [o.s.s.c.s.ExecuteVisitorsStep]   - MeasureComputersVisitor | time=18ms
2015.11.29 10:35:15 INFO  [o.s.s.c.s.ComputationStepExecutor] Execute component visitors | time=6229ms
2015.11.29 10:35:15 INFO  [o.s.s.c.s.ComputationStepExecutor] Compute measure variations | time=9ms
2015.11.29 10:35:15 INFO  [o.s.s.c.s.ComputationStepExecutor] Computes Quality Gate measures | time=18ms
2015.11.29 10:35:15 INFO  [o.s.s.c.s.ComputationStepExecutor] Compute Quality profile measures | time=2ms
2015.11.29 10:35:15 INFO  [o.s.s.c.s.ComputationStepExecutor] Generate Quality profile events | time=9ms
2015.11.29 10:35:15 INFO  [o.s.s.c.s.ComputationStepExecutor] Generate Quality gate events | time=3ms
2015.11.29 10:35:15 INFO  [o.s.s.c.s.ComputationStepExecutor] Persist components | time=506ms
2015.11.29 10:35:15 INFO  [o.s.s.c.s.ComputationStepExecutor] Persist snapshots | time=322ms
2015.11.29 10:35:19 INFO  [o.s.s.c.s.ComputationStepExecutor] Persist measures | time=4040ms
2015.11.29 10:35:25 INFO  [o.s.s.c.s.ComputationStepExecutor] Persist issues | time=5534ms
2015.11.29 10:35:25 INFO  [o.s.s.c.s.ComputationStepExecutor] Persist project links | time=6ms
2015.11.29 10:35:25 INFO  [o.s.s.c.s.ComputationStepExecutor] Persist events | time=11ms
2015.11.29 10:35:25 INFO  [o.s.s.c.s.ComputationStepExecutor] Persist duplications | time=187ms
2015.11.29 10:35:31 INFO  [o.s.s.c.s.ComputationStepExecutor] Persist sources | time=5913ms
2015.11.29 10:35:31 INFO  [o.s.s.c.s.ComputationStepExecutor] Persist tests | time=6ms
2015.11.29 10:35:31 INFO  [o.s.s.c.s.ComputationStepExecutor] Enable snapshot | time=66ms
2015.11.29 10:35:32 INFO  [o.s.s.c.s.ComputationStepExecutor] Index components | time=677ms
2015.11.29 10:35:32 INFO  [o.s.s.c.s.ComputationStepExecutor] Purge db | time=160ms
2015.11.29 10:35:32 INFO  [o.s.s.c.s.ComputationStepExecutor] Apply permissions | time=4ms
2015.11.29 10:35:37 INFO  [o.s.s.c.s.ComputationStepExecutor] Index issues | time=5023ms
2015.11.29 10:35:37 INFO  [o.s.s.c.s.ComputationStepExecutor] Index tests | time=180ms
2015.11.29 10:35:37 INFO  [o.s.s.c.s.ComputationStepExecutor] Send issue notifications | time=5ms
2015.11.29 10:35:38 INFO  [o.s.s.c.t.CeWorkerRunnableImpl] Executed task | project=my:ubsmart | id=AVFT4g44CGQHCXzE7Exq | time=34089ms
