2015.11.29 16:29:26 INFO  [o.s.s.c.t.CeWorkerRunnableImpl] Execute task | project=my:ubsmart | id=AVFVJn84RnkcEMKIdnJ_
2015.11.29 16:29:26 INFO  [o.s.s.c.s.ExtractReportStep] Analysis report extracted | compressedSize=178 KB
2015.11.29 16:29:26 INFO  [o.s.s.c.s.ComputationStepExecutor] Extract report | time=75ms
2015.11.29 16:29:26 INFO  [o.s.s.c.s.LogScannerContextStep] SonarQube plugins:
2015.11.29 16:29:26 INFO  [o.s.s.c.s.LogScannerContextStep]   - PHP 2.7 (php)
2015.11.29 16:29:26 INFO  [o.s.s.c.s.LogScannerContextStep]   - Java 3.6 (java)
2015.11.29 16:29:26 INFO  [o.s.s.c.s.LogScannerContextStep]   - SVN 1.2 (scmsvn)
2015.11.29 16:29:26 INFO  [o.s.s.c.s.LogScannerContextStep]   - Git 1.0 (scmgit)
2015.11.29 16:29:26 INFO  [o.s.s.c.s.LogScannerContextStep] Settings for module: my:ubsmart
2015.11.29 16:29:26 INFO  [o.s.s.c.s.LogScannerContextStep]   - sonar.core.id=20151129162456
2015.11.29 16:29:26 INFO  [o.s.s.c.s.LogScannerContextStep]   - sonar.core.startTime=2015-11-29T16:24:56-0500
2015.11.29 16:29:26 INFO  [o.s.s.c.s.LogScannerContextStep]   - sonar.core.version=5.2
2015.11.29 16:29:26 INFO  [o.s.s.c.s.LogScannerContextStep]   - sonar.host.url=http://localhost:9000
2015.11.29 16:29:26 INFO  [o.s.s.c.s.LogScannerContextStep]   - sonar.libraries=
2015.11.29 16:29:26 INFO  [o.s.s.c.s.LogScannerContextStep]   - sonar.permission.template.default=default_template
2015.11.29 16:29:26 INFO  [o.s.s.c.s.LogScannerContextStep]   - sonar.php.coverage.reportPath=../log/tests-clover.xml
2015.11.29 16:29:26 INFO  [o.s.s.c.s.LogScannerContextStep]   - sonar.php.tests.reportPath=../log/tests-junit.xml
2015.11.29 16:29:26 INFO  [o.s.s.c.s.LogScannerContextStep]   - sonar.projectBaseDir=/Users/rohinmittal/Sites/ubsmart/application/.
2015.11.29 16:29:26 INFO  [o.s.s.c.s.LogScannerContextStep]   - sonar.projectKey=my:ubsmart
2015.11.29 16:29:26 INFO  [o.s.s.c.s.LogScannerContextStep]   - sonar.projectName=UBsMart
2015.11.29 16:29:26 INFO  [o.s.s.c.s.LogScannerContextStep]   - sonar.projectVersion=1.0
2015.11.29 16:29:26 INFO  [o.s.s.c.s.LogScannerContextStep]   - sonar.qualitygate=1
2015.11.29 16:29:26 INFO  [o.s.s.c.s.LogScannerContextStep]   - sonar.sourceEncoding=UTF-8
2015.11.29 16:29:26 INFO  [o.s.s.c.s.LogScannerContextStep]   - sonar.sources=.
2015.11.29 16:29:26 INFO  [o.s.s.c.s.LogScannerContextStep]   - sonar.tests=/Users/rohinmittal/Sites/ubsmart/tests/
2015.11.29 16:29:26 INFO  [o.s.s.c.s.LogScannerContextStep]   - sonar.working.directory=/Users/rohinmittal/Sites/ubsmart/application/./.sonar
2015.11.29 16:29:26 INFO  [o.s.s.c.s.ComputationStepExecutor] Log scanner context | time=2ms
2015.11.29 16:29:26 INFO  [o.s.s.c.s.ComputationStepExecutor] Build tree of components | time=59ms
2015.11.29 16:29:26 INFO  [o.s.s.c.s.ComputationStepExecutor] Validate project | time=11ms
2015.11.29 16:29:26 INFO  [o.s.s.c.s.ComputationStepExecutor] Load debt model | time=7ms
2015.11.29 16:29:26 INFO  [o.s.s.c.s.ComputationStepExecutor] Load quality profiles | time=90ms
2015.11.29 16:29:26 INFO  [o.s.s.c.s.ComputationStepExecutor] Load Quality gate | time=12ms
2015.11.29 16:29:26 INFO  [o.s.s.c.s.ComputationStepExecutor] Load differential periods | time=40ms
2015.11.29 16:29:26 INFO  [o.s.s.c.s.ComputationStepExecutor] Compute size measures | time=74ms
2015.11.29 16:29:27 INFO  [o.s.s.c.s.ComputationStepExecutor] Compute new coverage | time=353ms
2015.11.29 16:29:27 INFO  [o.s.s.c.s.ComputationStepExecutor] Compute coverage measures | time=13ms
2015.11.29 16:29:27 INFO  [o.s.s.c.s.ComputationStepExecutor] Compute comment measures | time=9ms
2015.11.29 16:29:27 INFO  [o.s.s.c.s.ComputationStepExecutor] Copy custom measures | time=77ms
2015.11.29 16:29:27 INFO  [o.s.s.c.s.ComputationStepExecutor] Compute duplication measures | time=5ms
2015.11.29 16:29:27 INFO  [o.s.s.c.s.ComputationStepExecutor] Compute language distribution | time=16ms
2015.11.29 16:29:27 INFO  [o.s.s.c.s.ComputationStepExecutor] Compute test measures | time=2ms
2015.11.29 16:29:27 INFO  [o.s.s.c.s.ComputationStepExecutor] Compute complexity measures | time=51ms
2015.11.29 16:29:27 INFO  [o.s.s.c.s.ComputationStepExecutor] Load measure computers | time=4ms
2015.11.29 16:29:28 INFO  [o.s.s.c.s.ExecuteVisitorsStep]   Execution time for each component visitor:
2015.11.29 16:29:28 INFO  [o.s.s.c.s.ExecuteVisitorsStep]   - LoadComponentUuidsHavingOpenIssuesVisitor | time=102ms
2015.11.29 16:29:28 INFO  [o.s.s.c.s.ExecuteVisitorsStep]   - IntegrateIssuesVisitor | time=645ms
2015.11.29 16:29:28 INFO  [o.s.s.c.s.ExecuteVisitorsStep]   - CloseIssuesOnRemovedComponentsVisitor | time=0ms
2015.11.29 16:29:28 INFO  [o.s.s.c.s.ExecuteVisitorsStep]   - SqaleMeasuresVisitor | time=7ms
2015.11.29 16:29:28 INFO  [o.s.s.c.s.ExecuteVisitorsStep]   - SqaleNewMeasuresVisitor | time=5ms
2015.11.29 16:29:28 INFO  [o.s.s.c.s.ExecuteVisitorsStep]   - LastCommitVisitor | time=0ms
2015.11.29 16:29:28 INFO  [o.s.s.c.s.ExecuteVisitorsStep]   - MeasureComputersVisitor | time=2ms
2015.11.29 16:29:28 INFO  [o.s.s.c.s.ComputationStepExecutor] Execute component visitors | time=769ms
2015.11.29 16:29:28 INFO  [o.s.s.c.s.ComputationStepExecutor] Compute measure variations | time=121ms
2015.11.29 16:29:28 INFO  [o.s.s.c.s.ComputationStepExecutor] Computes Quality Gate measures | time=8ms
2015.11.29 16:29:28 INFO  [o.s.s.c.s.ComputationStepExecutor] Compute Quality profile measures | time=2ms
2015.11.29 16:29:28 INFO  [o.s.s.c.s.ComputationStepExecutor] Generate Quality profile events | time=14ms
2015.11.29 16:29:28 INFO  [o.s.s.c.s.ComputationStepExecutor] Generate Quality gate events | time=3ms
2015.11.29 16:29:28 INFO  [o.s.s.c.s.ComputationStepExecutor] Persist components | time=31ms
2015.11.29 16:29:28 INFO  [o.s.s.c.s.ComputationStepExecutor] Persist snapshots | time=62ms
2015.11.29 16:29:28 INFO  [o.s.s.c.s.ComputationStepExecutor] Persist measures | time=443ms
2015.11.29 16:29:29 INFO  [o.s.s.c.s.ComputationStepExecutor] Persist issues | time=428ms
2015.11.29 16:29:29 INFO  [o.s.s.c.s.ComputationStepExecutor] Persist project links | time=3ms
2015.11.29 16:29:29 INFO  [o.s.s.c.s.ComputationStepExecutor] Persist events | time=6ms
2015.11.29 16:29:29 INFO  [o.s.s.c.s.ComputationStepExecutor] Persist duplications | time=10ms
2015.11.29 16:29:29 INFO  [o.s.s.c.s.ComputationStepExecutor] Persist sources | time=194ms
2015.11.29 16:29:29 INFO  [o.s.s.c.s.ComputationStepExecutor] Persist tests | time=3ms
2015.11.29 16:29:29 INFO  [o.s.s.c.s.ComputationStepExecutor] Enable snapshot | time=14ms
2015.11.29 16:29:29 INFO  [o.s.s.c.s.ComputationStepExecutor] Index components | time=12ms
2015.11.29 16:29:29 INFO  [o.s.s.c.s.ComputationStepExecutor] Purge db | time=186ms
2015.11.29 16:29:29 INFO  [o.s.s.c.s.ComputationStepExecutor] Apply permissions | time=4ms
2015.11.29 16:29:30 INFO  [o.s.s.c.s.ComputationStepExecutor] Index issues | time=375ms
2015.11.29 16:29:30 INFO  [o.s.s.c.s.ComputationStepExecutor] Index tests | time=53ms
2015.11.29 16:29:30 INFO  [o.s.s.c.s.ComputationStepExecutor] Send issue notifications | time=3ms
2015.11.29 16:29:30 INFO  [o.s.s.c.t.CeWorkerRunnableImpl] Executed task | project=my:ubsmart | id=AVFVJn84RnkcEMKIdnJ_ | time=3868ms
